0 verbose cli /usr/local/bin/node /usr/local/bin/npm
1 info using npm@10.9.7
2 info using node@v22.22.2
3 silly config load:file:/usr/local/lib/node_modules/npm/npmrc
4 silly config load:file:/tmp/workspace/9c89d120-e09e-422e-a631-5e5155c628b4/.npmrc
5 silly config load:file:/usr/local/etc/npmrc
6 verbose title npm install
7 verbose argv "install"
8 verbose logfile logs-max:10 dir:/tmp/workspace/9c89d120-e09e-422e-a631-5e5155c628b4/.npm/_logs/2026-06-09T16_53_38_353Z-
9 verbose logfile /tmp/workspace/9c89d120-e09e-422e-a631-5e5155c628b4/.npm/_logs/2026-06-09T16_53_38_353Z-debug-0.log
10 silly logfile done cleaning log files
11 silly packumentCache heap:1098907648 maxSize:274726912 maxEntrySize:137363456
12 silly idealTree buildDeps
13 silly reify moves {}
14 silly audit bulk request {
14 silly audit   '@babel/code-frame': [ '7.29.7' ],
14 silly audit   '@babel/helper-validator-identifier': [ '7.29.7' ],
14 silly audit   '@cloudbase/functions-framework': [ '1.18.2' ],
14 silly audit   '@cloudbase/functions-typings': [ '1.2.1' ],
14 silly audit   '@colors/colors': [ '1.6.0' ],
14 silly audit   '@dabh/diagnostics': [ '2.0.8' ],
14 silly audit   '@dotenvx/dotenvx': [ '1.71.2' ],
14 silly audit   '@ecies/ciphers': [ '0.2.6' ],
14 silly audit   '@hapi/bourne': [ '3.0.0' ],
14 silly audit   '@hono/node-server': [ '1.19.14' ],
14 silly audit   '@koa/cors': [ '5.0.0' ],
14 silly audit   '@modelcontextprotocol/sdk': [ '1.29.0' ],
14 silly audit   '@noble/ciphers': [ '1.3.0' ],
14 silly audit   '@noble/curves': [ '1.9.7' ],
14 silly audit   '@noble/hashes': [ '1.8.0' ],
14 silly audit   '@paralleldrive/cuid2': [ '2.3.1' ],
14 silly audit   '@so-ric/colorspace': [ '1.1.6' ],
14 silly audit   '@types/accepts': [ '1.3.7' ],
14 silly audit   '@types/body-parser': [ '1.19.6' ],
14 silly audit   '@types/co-body': [ '6.1.3' ],
14 silly audit   '@types/connect': [ '3.4.38' ],
14 silly audit   '@types/content-disposition': [ '0.5.9' ],
14 silly audit   '@types/cookies': [ '0.9.2' ],
14 silly audit   '@types/express': [ '5.0.6' ],
14 silly audit   '@types/express-serve-static-core': [ '5.1.1' ],
14 silly audit   '@types/formidable': [ '2.0.6' ],
14 silly audit   '@types/http-assert': [ '1.5.6' ],
14 silly audit   '@types/http-errors': [ '2.0.5' ],
14 silly audit   '@types/keygrip': [ '1.0.6' ],
14 silly audit   '@types/koa': [ '3.0.3', '2.15.2' ],
14 silly audit   '@types/koa-compose': [ '3.2.9' ],
14 silly audit   '@types/koa-send': [ '4.1.6' ],
14 silly audit   '@types/koa-static': [ '4.0.4' ],
14 silly audit   '@types/node': [ '25.9.2' ],
14 silly audit   '@types/normalize-package-data': [ '2.4.4' ],
14 silly audit   '@types/qs': [ '6.15.1' ],
14 silly audit   '@types/range-parser': [ '1.2.7' ],
14 silly audit   '@types/send': [ '1.2.1' ],
14 silly audit   '@types/serve-static': [ '2.2.0' ],
14 silly audit   '@types/triple-beam': [ '1.3.5' ],
14 silly audit   '@types/ws': [ '8.18.1' ],
14 silly audit   accepts: [ '2.0.0', '1.3.8' ],
14 silly audit   ajv: [ '8.20.0' ],
14 silly audit   'ajv-formats': [ '3.0.1' ],
14 silly audit   'ansi-colors': [ '4.1.3' ],
14 silly audit   'ansi-regex': [ '5.0.1' ],
14 silly audit   anymatch: [ '3.1.3' ],
14 silly audit   picomatch: [ '2.3.2', '4.0.4' ],
14 silly audit   asap: [ '2.0.6' ],
14 silly audit   async: [ '3.2.6' ],
14 silly audit   'balanced-match': [ '4.0.4' ],
14 silly audit   'binary-extensions': [ '2.3.0' ],
14 silly audit   'body-parser': [ '2.2.2' ],
14 silly audit   'brace-expansion': [ '5.0.6' ],
14 silly audit   braces: [ '3.0.3' ],
14 silly audit   bytes: [ '3.1.2' ],
14 silly audit   'cache-content-type': [ '1.0.1' ],
14 silly audit   'mime-db': [ '1.52.0', '1.54.0' ],
14 silly audit   'mime-types': [ '2.1.35', '3.0.2' ],
14 silly audit   'call-bind-apply-helpers': [ '1.0.2' ],
14 silly audit   'call-bound': [ '1.0.4' ],
14 silly audit   chokidar: [ '3.6.0' ],
14 silly audit   co: [ '4.6.0' ],
14 silly audit   'co-body': [ '6.2.0' ],
14 silly audit   'iconv-lite': [ '0.4.24', '0.7.2' ],
14 silly audit   'media-typer': [ '0.3.0', '1.1.0' ],
14 silly audit   'raw-body': [ '2.5.3', '3.0.2' ],
14 silly audit   'type-is': [ '1.6.18', '2.1.0' ],
14 silly audit   color: [ '5.0.3' ],
14 silly audit   'color-convert': [ '3.1.3' ],
14 silly audit   'color-name': [ '2.1.0' ],
14 silly audit   'color-string': [ '2.1.4' ],
14 silly audit   commander: [ '11.1.0' ],
14 silly audit   'content-disposition': [ '1.1.0', '0.5.4' ],
14 silly audit   'content-type': [ '1.0.5', '2.0.0' ],
14 silly audit   cookie: [ '0.7.2' ],
14 silly audit   'cookie-signature': [ '1.2.2' ],
14 silly audit   cookies: [ '0.9.1' ],
14 silly audit   cors: [ '2.8.6' ],
14 silly audit   'cross-spawn': [ '7.0.6' ],
14 silly audit   isexe: [ '2.0.0', '3.1.5' ],
14 silly audit   which: [ '2.0.2', '4.0.0' ],
14 silly audit   debug: [ '4.4.3', '3.2.7' ],
14 silly audit   'deep-equal': [ '1.0.1' ],
14 silly audit   delegates: [ '1.0.0' ],
14 silly audit   depd: [ '2.0.0', '1.1.2' ],
14 silly audit   destroy: [ '1.2.0' ],
14 silly audit   dezalgo: [ '1.0.4' ],
14 silly audit   dotenv: [ '17.4.2' ],
14 silly audit   'dunder-proto': [ '1.0.1' ],
14 silly audit   eciesjs: [ '0.4.18' ],
14 silly audit   'ee-first': [ '1.1.1' ],
14 silly audit   enabled: [ '2.0.0' ],
14 silly audit   encodeurl: [ '2.0.0', '1.0.2' ],
14 silly audit   enquirer: [ '2.4.1' ],
14 silly audit   'error-ex': [ '1.3.4' ],
14 silly audit   'es-define-property': [ '1.0.1' ],
14 silly audit   'es-errors': [ '1.3.0' ],
14 silly audit   'es-object-atoms': [ '1.1.2' ],
14 silly audit   'escape-html': [ '1.0.3' ],
14 silly audit   etag: [ '1.8.1' ],
14 silly audit   eventsource: [ '3.0.7' ],
14 silly audit   'eventsource-parser': [ '3.1.0' ],
14 silly audit   execa: [ '5.1.1' ],
14 silly audit   express: [ '5.2.1' ],
14 silly audit   'express-rate-limit': [ '8.5.2' ],
14 silly audit   'fast-deep-equal': [ '3.1.3' ],
14 silly audit   'fast-uri': [ '3.1.2' ],
14 silly audit   fdir: [ '6.5.0' ],
14 silly audit   fecha: [ '4.2.3' ],
14 silly audit   'file-stream-rotator': [ '0.6.1' ],
14 silly audit   'fill-range': [ '7.1.1' ],
14 silly audit   finalhandler: [ '2.1.1' ],
14 silly audit   'find-up': [ '4.1.0' ],
14 silly audit   'fn.name': [ '1.1.0' ],
14 silly audit   formidable: [ '2.1.5' ],
14 silly audit   forwarded: [ '0.2.0' ],
14 silly audit   fresh: [ '2.0.0', '0.5.2' ],
14 silly audit   fsevents: [ '2.3.3' ],
14 silly audit   'function-bind': [ '1.1.2' ],
14 silly audit   'generator-function': [ '2.0.1' ],
14 silly audit   'get-intrinsic': [ '1.3.0' ],
14 silly audit   'get-proto': [ '1.0.1' ],
14 silly audit   'get-stream': [ '6.0.1' ],
14 silly audit   'glob-parent': [ '5.1.2' ],
14 silly audit   gopd: [ '1.2.0' ],
14 silly audit   'has-flag': [ '3.0.0' ],
14 silly audit   'has-symbols': [ '1.1.0' ],
14 silly audit   'has-tostringtag': [ '1.0.2' ],
14 silly audit   hasown: [ '2.0.4' ],
14 silly audit   hono: [ '4.12.25' ],
14 silly audit   'hosted-git-info': [ '2.8.9' ],
14 silly audit   'http-assert': [ '1.5.0' ],
14 silly audit   'http-errors': [ '1.8.1', '2.0.1', '1.6.3' ],
14 silly audit   statuses: [ '1.5.0', '2.0.2' ],
14 silly audit   'human-signals': [ '2.1.0' ],
14 silly audit   ignore: [ '5.3.2' ],
14 silly audit   'ignore-by-default': [ '1.0.1' ],
14 silly audit   inflation: [ '2.1.0' ],
14 silly audit   inherits: [ '2.0.4', '2.0.3' ],
14 silly audit   'ip-address': [ '10.2.0' ],
14 silly audit   'ipaddr.js': [ '1.9.1' ],
14 silly audit   'is-arrayish': [ '0.2.1' ],
14 silly audit   'is-binary-path': [ '2.1.0' ],
14 silly audit   'is-core-module': [ '2.16.2' ],
14 silly audit   'is-extglob': [ '2.1.1' ],
14 silly audit   'is-generator-function': [ '1.1.2' ],
14 silly audit   'is-glob': [ '4.0.3' ],
14 silly audit   'is-number': [ '7.0.0' ],
14 silly audit   'is-promise': [ '4.0.0' ],
14 silly audit   'is-regex': [ '1.2.1' ],
14 silly audit   'is-stream': [ '2.0.1' ],
14 silly audit   jose: [ '6.2.3' ],
14 silly audit   'js-tokens': [ '4.0.0' ],
14 silly audit   'json-parse-even-better-errors': [ '2.3.1' ],
14 silly audit   'json-schema-traverse': [ '1.0.0' ],
14 silly audit   'json-schema-typed': [ '8.0.2' ],
14 silly audit   keygrip: [ '1.1.0' ],
14 silly audit   koa: [ '2.16.4' ],
14 silly audit   'koa-body': [ '6.0.1' ],
14 silly audit   zod: [ '3.25.76', '4.4.3' ],
14 silly audit   'koa-compose': [ '4.1.0' ],
14 silly audit   'koa-convert': [ '2.0.0' ],
14 silly audit   'koa-send': [ '5.0.1' ],
14 silly audit   'koa-static': [ '5.0.0' ],
14 silly audit   negotiator: [ '0.6.3', '1.0.0' ],
14 silly audit   kuler: [ '2.0.0' ],
14 silly audit   'lines-and-columns': [ '1.2.4' ],
14 silly audit   'locate-path': [ '5.0.0' ],
14 silly audit   logform: [ '2.7.0' ],
14 silly audit   'math-intrinsics': [ '1.1.0' ],
14 silly audit   'merge-descriptors': [ '2.0.0' ],
14 silly audit   'merge-stream': [ '2.0.0' ],
14 silly audit   'mimic-fn': [ '2.1.0' ],
14 silly audit   minimatch: [ '10.2.5' ],
14 silly audit   minimist: [ '1.2.8' ],
14 silly audit   moment: [ '2.30.1' ],
14 silly audit   ms: [ '2.1.3' ],
14 silly audit   nodemon: [ '3.1.14' ],
14 silly audit   'normalize-package-data': [ '2.5.0' ],
14 silly audit   semver: [ '5.7.2', '7.8.3' ],
14 silly audit   'normalize-path': [ '3.0.0' ],
14 silly audit   'npm-run-path': [ '4.0.1' ],
14 silly audit   'object-assign': [ '4.1.1' ],
14 silly audit   'object-hash': [ '2.2.0' ],
14 silly audit   'object-inspect': [ '1.13.4' ],
14 silly audit   'object-treeify': [ '1.1.33' ],
14 silly audit   'on-finished': [ '2.4.1' ],
14 silly audit   once: [ '1.4.0' ],
14 silly audit   'one-time': [ '1.0.0' ],
14 silly audit   onetime: [ '5.1.2' ],
14 silly audit   only: [ '0.0.2' ],
14 silly audit   'p-limit': [ '2.3.0' ],
14 silly audit   'p-locate': [ '4.1.0' ],
14 silly audit   'p-try': [ '2.2.0' ],
14 silly audit   'parse-json': [ '5.2.0' ],
14 silly audit   parseurl: [ '1.3.3' ],
14 silly audit   'path-exists': [ '4.0.0' ],
14 silly audit   'path-is-absolute': [ '1.0.1' ],
14 silly audit   'path-key': [ '3.1.1' ],
14 silly audit   'path-parse': [ '1.0.7' ],
14 silly audit   'path-to-regexp': [ '8.4.2' ],
14 silly audit   picocolors: [ '1.1.1' ],
14 silly audit   'pkce-challenge': [ '5.0.1' ],
14 silly audit   'proxy-addr': [ '2.0.7' ],
14 silly audit   'pstree.remy': [ '1.1.8' ],
14 silly audit   qs: [ '6.15.2' ],
14 silly audit   radix3: [ '1.1.2' ],
14 silly audit   'range-parser': [ '1.2.1' ],
14 silly audit   'read-pkg': [ '5.2.0' ],
14 silly audit   'read-pkg-up': [ '7.0.1' ],
14 silly audit   'type-fest': [ '0.6.0', '0.8.1' ],
14 silly audit   'readable-stream': [ '3.6.2' ],
14 silly audit   readdirp: [ '3.6.0' ],
14 silly audit   'require-from-string': [ '2.0.2' ],
14 silly audit   resolve: [ '1.22.12' ],
14 silly audit   'resolve-path': [ '1.4.0' ],
14 silly audit   setprototypeof: [ '1.1.0', '1.2.0' ],
14 silly audit   router: [ '2.2.0' ],
14 silly audit   'safe-buffer': [ '5.2.1' ],
14 silly audit   'safe-regex-test': [ '1.1.0' ],
14 silly audit   'safe-stable-stringify': [ '2.5.0' ],
14 silly audit   'safer-buffer': [ '2.1.2' ],
14 silly audit   send: [ '1.2.1' ],
14 silly audit   'serve-static': [ '2.2.1' ],
14 silly audit   'shebang-command': [ '2.0.0' ],
14 silly audit   'shebang-regex': [ '3.0.0' ],
14 silly audit   'side-channel': [ '1.1.1' ],
14 silly audit   'side-channel-list': [ '1.0.1' ],
14 silly audit   'side-channel-map': [ '1.0.1' ],
14 silly audit   'side-channel-weakmap': [ '1.0.2' ],
14 silly audit   'signal-exit': [ '3.0.7' ],
14 silly audit   'simple-update-notifier': [ '2.0.0' ],
14 silly audit   'spdx-correct': [ '3.2.0' ],
14 silly audit   'spdx-exceptions': [ '2.5.0' ],
14 silly audit   'spdx-expression-parse': [ '3.0.1' ],
14 silly audit   'spdx-license-ids': [ '3.0.23' ],
14 silly audit   'stack-trace': [ '0.0.10' ],
14 silly audit   string_decoder: [ '1.3.0' ],
14 silly audit   'strip-ansi': [ '6.0.1' ],
14 silly audit   'strip-final-newline': [ '2.0.0' ],
14 silly audit   'supports-color': [ '5.5.0' ],
14 silly audit   'supports-preserve-symlinks-flag': [ '1.0.0' ],
14 silly audit   'text-hex': [ '1.0.0' ],
14 silly audit   'to-regex-range': [ '5.0.1' ],
14 silly audit   toidentifier: [ '1.0.1' ],
14 silly audit   touch: [ '3.1.1' ],
14 silly audit   'triple-beam': [ '1.4.1' ],
14 silly audit   tsscmp: [ '1.0.6' ],
14 silly audit   undefsafe: [ '2.0.5' ],
14 silly audit   'undici-types': [ '7.24.6' ],
14 silly audit   unpipe: [ '1.0.0' ],
14 silly audit   'util-deprecate': [ '1.0.2' ],
14 silly audit   uuid: [ '10.0.0' ],
14 silly audit   'validate-npm-package-license': [ '3.0.4' ],
14 silly audit   vary: [ '1.1.2' ],
14 silly audit   'whatwg-mimetype': [ '4.0.0' ],
14 silly audit   winston: [ '3.19.0' ],
14 silly audit   'winston-daily-rotate-file': [ '4.7.1' ],
14 silly audit   'winston-transport': [ '4.9.0' ],
14 silly audit   wrappy: [ '1.0.2' ],
14 silly audit   ws: [ '8.21.0' ],
14 silly audit   ylru: [ '1.4.0' ],
14 silly audit   'yocto-spinner': [ '1.2.0' ],
14 silly audit   yoctocolors: [ '2.1.2' ],
14 silly audit   'zod-to-json-schema': [ '3.25.2' ]
14 silly audit }
15 verbose reify failed optional dependency /tmp/workspace/9c89d120-e09e-422e-a631-5e5155c628b4/node_modules/fsevents
16 silly reify mark deleted [
16 silly reify   '/tmp/workspace/9c89d120-e09e-422e-a631-5e5155c628b4/node_modules/fsevents'
16 silly reify ]
17 http fetch POST 200 https://registry.npmjs.org/-/npm/v1/security/advisories/bulk 1936ms
18 silly audit report {
18 silly audit report   uuid: [
18 silly audit report     {
18 silly audit report       id: 1119441,
18 silly audit report       url: 'https://github.com/advisories/GHSA-w5hq-g745-h8pq',
18 silly audit report       title: 'uuid: Missing buffer bounds check in v3/v5/v6 when buf is provided',
18 silly audit report       severity: 'moderate',
18 silly audit report       vulnerable_versions: '<11.1.1',
18 silly audit report       cwe: [Array],
18 silly audit report       cvss: [Object]
18 silly audit report     }
18 silly audit report   ]
18 silly audit report }
19 silly packumentCache corgi:https://registry.npmjs.org/uuid cache-miss
20 http fetch GET 200 https://registry.npmjs.org/uuid 199ms (cache revalidated)
21 silly packumentCache corgi:https://registry.npmjs.org/uuid set size:81812 disposed:false
22 silly packumentCache corgi:https://registry.npmjs.org/@cloudbase%2ffunctions-framework cache-miss
23 http fetch GET 200 https://registry.npmjs.org/@cloudbase%2ffunctions-framework 462ms (cache revalidated)
24 silly packumentCache corgi:https://registry.npmjs.org/@cloudbase%2ffunctions-framework set size:75249 disposed:false
25 silly ADD
26 verbose cwd /tmp/workspace/9c89d120-e09e-422e-a631-5e5155c628b4
27 verbose os Linux 5.4.119-19-0009-03_2.0.1-00029-gee3a514c359c
28 verbose node v22.22.2
29 verbose npm  v10.9.7
30 verbose exit 0
31 info ok
