0 verbose cli /usr/local/bin/node /usr/local/bin/npm
1 info using npm@10.9.7
2 info using node@v22.22.2
3 silly config load:file:/usr/local/lib/node_modules/npm/npmrc
4 silly config load:file:/tmp/workspace/9c89d120-e09e-422e-a631-5e5155c628b4/.npmrc
5 silly config load:file:/usr/local/etc/npmrc
6 verbose title npm install @modelcontextprotocol/sdk express zod
7 verbose argv "install" "@modelcontextprotocol/sdk" "express" "zod"
8 verbose logfile logs-max:10 dir:/tmp/workspace/9c89d120-e09e-422e-a631-5e5155c628b4/.npm/_logs/2026-06-09T16_44_52_777Z-
9 verbose logfile /tmp/workspace/9c89d120-e09e-422e-a631-5e5155c628b4/.npm/_logs/2026-06-09T16_44_52_777Z-debug-0.log
10 silly logfile done cleaning log files
11 silly packumentCache heap:1098907648 maxSize:274726912 maxEntrySize:137363456
12 silly idealTree buildDeps
13 silly fetch manifest @modelcontextprotocol/sdk@*
14 silly packumentCache full:https://registry.npmjs.org/@modelcontextprotocol%2fsdk cache-miss
15 http fetch GET 200 https://registry.npmjs.org/@modelcontextprotocol%2fsdk 1595ms (cache miss)
16 silly packumentCache full:https://registry.npmjs.org/@modelcontextprotocol%2fsdk set size:undefined disposed:false
17 silly fetch manifest @cfworker/json-schema@^4.1.1
18 silly packumentCache full:https://registry.npmjs.org/@cfworker%2fjson-schema cache-miss
19 http fetch GET 200 https://registry.npmjs.org/@cfworker%2fjson-schema 436ms (cache miss)
20 silly packumentCache full:https://registry.npmjs.org/@cfworker%2fjson-schema set size:undefined disposed:false
21 silly fetch manifest express@*
22 silly packumentCache full:https://registry.npmjs.org/express cache-miss
23 http fetch GET 200 https://registry.npmjs.org/express 611ms (cache miss)
24 silly packumentCache full:https://registry.npmjs.org/express set size:undefined disposed:false
25 silly fetch manifest zod@*
26 silly packumentCache full:https://registry.npmjs.org/zod cache-miss
27 http fetch GET 200 https://registry.npmjs.org/zod 1065ms (cache miss)
28 silly packumentCache full:https://registry.npmjs.org/zod set size:undefined disposed:false
29 silly placeDep ROOT @modelcontextprotocol/sdk@1.29.0 OK for:  want: *
30 silly placeDep ROOT express@5.2.1 OK for:  want: *
31 silly placeDep ROOT zod@4.4.3 OK for:  want: *
32 silly fetch manifest ajv@^8.17.1
33 silly packumentCache full:https://registry.npmjs.org/ajv cache-miss
34 silly fetch manifest zod@^3.25 || ^4.0
35 silly packumentCache full:https://registry.npmjs.org/zod cache-miss
36 http cache https://registry.npmjs.org/zod 22ms (cache hit)
37 silly packumentCache full:https://registry.npmjs.org/zod set size:3552562 disposed:false
38 silly fetch manifest cors@^2.8.5
39 silly packumentCache full:https://registry.npmjs.org/cors cache-miss
40 http fetch GET 200 https://registry.npmjs.org/ajv 484ms (cache miss)
41 silly packumentCache full:https://registry.npmjs.org/ajv set size:undefined disposed:false
42 silly fetch manifest hono@^4.11.4
43 silly packumentCache full:https://registry.npmjs.org/hono cache-miss
44 http fetch GET 200 https://registry.npmjs.org/hono 575ms (cache miss)
45 silly packumentCache full:https://registry.npmjs.org/hono set size:undefined disposed:false
46 silly fetch manifest jose@^6.1.3
47 silly packumentCache full:https://registry.npmjs.org/jose cache-miss
48 http fetch GET 200 https://registry.npmjs.org/cors 1695ms (cache miss)
49 silly packumentCache full:https://registry.npmjs.org/cors set size:undefined disposed:false
50 silly fetch manifest express@^5.2.1
51 silly packumentCache full:https://registry.npmjs.org/express cache-miss
52 http cache https://registry.npmjs.org/express 6ms (cache hit)
53 silly packumentCache full:https://registry.npmjs.org/express set size:804947 disposed:false
54 silly fetch manifest raw-body@^3.0.0
55 silly packumentCache full:https://registry.npmjs.org/raw-body cache-miss
56 http fetch GET 200 https://registry.npmjs.org/jose 714ms (cache miss)
57 silly packumentCache full:https://registry.npmjs.org/jose set size:undefined disposed:false
58 silly fetch manifest ajv-formats@^3.0.1
59 silly packumentCache full:https://registry.npmjs.org/ajv-formats cache-miss
60 http fetch GET 200 https://registry.npmjs.org/ajv-formats 803ms (cache miss)
61 silly packumentCache full:https://registry.npmjs.org/ajv-formats set size:undefined disposed:false
62 silly fetch manifest cross-spawn@^7.0.5
63 silly packumentCache full:https://registry.npmjs.org/cross-spawn cache-miss
64 http fetch GET 200 https://registry.npmjs.org/raw-body 939ms (cache miss)
65 silly packumentCache full:https://registry.npmjs.org/raw-body set size:undefined disposed:false
66 silly fetch manifest eventsource@^3.0.2
67 silly packumentCache full:https://registry.npmjs.org/eventsource cache-miss
68 http fetch GET 200 https://registry.npmjs.org/eventsource 393ms (cache miss)
69 silly packumentCache full:https://registry.npmjs.org/eventsource set size:undefined disposed:false
70 silly fetch manifest content-type@^1.0.5
71 silly packumentCache full:https://registry.npmjs.org/content-type cache-miss
72 http fetch GET 200 https://registry.npmjs.org/content-type 204ms (cache miss)
73 silly packumentCache full:https://registry.npmjs.org/content-type set size:undefined disposed:false
74 silly fetch manifest pkce-challenge@^5.0.0
75 silly packumentCache full:https://registry.npmjs.org/pkce-challenge cache-miss
76 http fetch GET 200 https://registry.npmjs.org/pkce-challenge 215ms (cache miss)
77 silly packumentCache full:https://registry.npmjs.org/pkce-challenge set size:undefined disposed:false
78 silly fetch manifest @hono/node-server@^1.19.9
79 silly packumentCache full:https://registry.npmjs.org/@hono%2fnode-server cache-miss
80 http fetch GET 200 https://registry.npmjs.org/cross-spawn 958ms (cache miss)
81 silly packumentCache full:https://registry.npmjs.org/cross-spawn set size:undefined disposed:false
82 silly fetch manifest json-schema-typed@^8.0.2
83 silly packumentCache full:https://registry.npmjs.org/json-schema-typed cache-miss
84 http fetch GET 200 https://registry.npmjs.org/json-schema-typed 197ms (cache miss)
85 silly packumentCache full:https://registry.npmjs.org/json-schema-typed set size:undefined disposed:false
86 silly fetch manifest eventsource-parser@^3.0.0
87 silly packumentCache full:https://registry.npmjs.org/eventsource-parser cache-miss
88 http fetch GET 200 https://registry.npmjs.org/@hono%2fnode-server 647ms (cache miss)
89 silly packumentCache full:https://registry.npmjs.org/@hono%2fnode-server set size:undefined disposed:false
90 silly fetch manifest express-rate-limit@^8.2.1
91 silly packumentCache full:https://registry.npmjs.org/express-rate-limit cache-miss
92 http fetch GET 200 https://registry.npmjs.org/eventsource-parser 626ms (cache miss)
93 silly packumentCache full:https://registry.npmjs.org/eventsource-parser set size:undefined disposed:false
94 silly fetch manifest zod-to-json-schema@^3.25.1
95 silly packumentCache full:https://registry.npmjs.org/zod-to-json-schema cache-miss
96 http fetch GET 200 https://registry.npmjs.org/express-rate-limit 456ms (cache miss)
97 silly packumentCache full:https://registry.npmjs.org/express-rate-limit set size:undefined disposed:false
98 silly fetch manifest qs@^6.14.0
99 silly packumentCache full:https://registry.npmjs.org/qs cache-miss
100 http fetch GET 200 https://registry.npmjs.org/zod-to-json-schema 651ms (cache miss)
101 silly packumentCache full:https://registry.npmjs.org/zod-to-json-schema set size:undefined disposed:false
102 silly fetch manifest depd@^2.0.0
103 silly packumentCache full:https://registry.npmjs.org/depd cache-miss
104 http fetch GET 200 https://registry.npmjs.org/qs 586ms (cache miss)
105 silly packumentCache full:https://registry.npmjs.org/qs set size:undefined disposed:false
106 silly fetch manifest etag@^1.8.1
107 silly packumentCache full:https://registry.npmjs.org/etag cache-miss
108 http fetch GET 200 https://registry.npmjs.org/etag 205ms (cache miss)
109 silly packumentCache full:https://registry.npmjs.org/etag set size:undefined disposed:false
110 silly fetch manifest once@^1.4.0
111 silly packumentCache full:https://registry.npmjs.org/once cache-miss
112 http fetch GET 200 https://registry.npmjs.org/depd 418ms (cache miss)
113 silly packumentCache full:https://registry.npmjs.org/depd set size:undefined disposed:false
114 silly fetch manifest send@^1.1.0
115 silly packumentCache full:https://registry.npmjs.org/send cache-miss
116 http fetch GET 200 https://registry.npmjs.org/once 198ms (cache miss)
117 silly packumentCache full:https://registry.npmjs.org/once set size:undefined disposed:false
118 silly fetch manifest vary@^1.1.2
119 silly packumentCache full:https://registry.npmjs.org/vary cache-miss
120 http fetch GET 200 https://registry.npmjs.org/send 475ms (cache miss)
121 silly packumentCache full:https://registry.npmjs.org/send set size:undefined disposed:false
122 silly fetch manifest debug@^4.4.0
123 silly packumentCache full:https://registry.npmjs.org/debug cache-miss
124 http fetch GET 200 https://registry.npmjs.org/vary 769ms (cache miss)
125 silly packumentCache full:https://registry.npmjs.org/vary set size:undefined disposed:false
126 silly fetch manifest fresh@^2.0.0
127 silly packumentCache full:https://registry.npmjs.org/fresh cache-miss
128 http fetch GET 200 https://registry.npmjs.org/fresh 208ms (cache miss)
129 silly packumentCache full:https://registry.npmjs.org/fresh set size:undefined disposed:false
130 silly fetch manifest cookie@^0.7.1
131 silly packumentCache full:https://registry.npmjs.org/cookie cache-miss
132 http fetch GET 200 https://registry.npmjs.org/debug 719ms (cache miss)
133 silly packumentCache full:https://registry.npmjs.org/debug set size:undefined disposed:false
134 silly fetch manifest router@^2.2.0
135 silly packumentCache full:https://registry.npmjs.org/router cache-miss
136 http fetch GET 200 https://registry.npmjs.org/cookie 597ms (cache miss)
137 silly packumentCache full:https://registry.npmjs.org/cookie set size:undefined disposed:false
138 silly fetch manifest accepts@^2.0.0
139 silly packumentCache full:https://registry.npmjs.org/accepts cache-miss
140 http fetch GET 200 https://registry.npmjs.org/accepts 363ms (cache miss)
141 silly packumentCache full:https://registry.npmjs.org/accepts set size:undefined disposed:false
142 silly fetch manifest type-is@^2.0.1
143 silly packumentCache full:https://registry.npmjs.org/type-is cache-miss
144 http fetch GET 200 https://registry.npmjs.org/router 986ms (cache miss)
145 silly packumentCache full:https://registry.npmjs.org/router set size:undefined disposed:false
146 silly fetch manifest parseurl@^1.3.3
147 silly packumentCache full:https://registry.npmjs.org/parseurl cache-miss
148 http fetch GET 200 https://registry.npmjs.org/parseurl 407ms (cache miss)
149 silly packumentCache full:https://registry.npmjs.org/parseurl set size:undefined disposed:false
150 silly fetch manifest statuses@^2.0.1
151 silly packumentCache full:https://registry.npmjs.org/statuses cache-miss
152 http fetch GET 200 https://registry.npmjs.org/type-is 962ms (cache miss)
153 silly packumentCache full:https://registry.npmjs.org/type-is set size:undefined disposed:false
154 silly fetch manifest encodeurl@^2.0.0
155 silly packumentCache full:https://registry.npmjs.org/encodeurl cache-miss
156 http fetch GET 200 https://registry.npmjs.org/statuses 415ms (cache miss)
157 silly packumentCache full:https://registry.npmjs.org/statuses set size:undefined disposed:false
158 silly fetch manifest mime-types@^3.0.0
159 silly packumentCache full:https://registry.npmjs.org/mime-types cache-miss
160 http fetch GET 200 https://registry.npmjs.org/encodeurl 312ms (cache miss)
161 silly packumentCache full:https://registry.npmjs.org/encodeurl set size:undefined disposed:false
162 silly fetch manifest proxy-addr@^2.0.7
163 silly packumentCache full:https://registry.npmjs.org/proxy-addr cache-miss
164 http fetch GET 200 https://registry.npmjs.org/mime-types 1062ms (cache miss)
165 silly packumentCache full:https://registry.npmjs.org/mime-types set size:undefined disposed:false
166 silly fetch manifest body-parser@^2.2.1
167 silly packumentCache full:https://registry.npmjs.org/body-parser cache-miss
168 http fetch GET 200 https://registry.npmjs.org/proxy-addr 858ms (cache miss)
169 silly packumentCache full:https://registry.npmjs.org/proxy-addr set size:undefined disposed:false
170 silly fetch manifest escape-html@^1.0.3
171 silly packumentCache full:https://registry.npmjs.org/escape-html cache-miss
172 http fetch GET 200 https://registry.npmjs.org/escape-html 292ms (cache miss)
173 silly packumentCache full:https://registry.npmjs.org/escape-html set size:undefined disposed:false
174 silly fetch manifest http-errors@^2.0.0
175 silly packumentCache full:https://registry.npmjs.org/http-errors cache-miss
176 http fetch GET 200 https://registry.npmjs.org/body-parser 667ms (cache miss)
177 silly packumentCache full:https://registry.npmjs.org/body-parser set size:undefined disposed:false
178 silly fetch manifest on-finished@^2.4.1
179 silly packumentCache full:https://registry.npmjs.org/on-finished cache-miss
180 http fetch GET 200 https://registry.npmjs.org/on-finished 247ms (cache miss)
181 silly packumentCache full:https://registry.npmjs.org/on-finished set size:undefined disposed:false
182 silly fetch manifest finalhandler@^2.1.0
183 silly packumentCache full:https://registry.npmjs.org/finalhandler cache-miss
184 http fetch GET 200 https://registry.npmjs.org/finalhandler 433ms (cache miss)
185 silly packumentCache full:https://registry.npmjs.org/finalhandler set size:undefined disposed:false
186 silly fetch manifest range-parser@^1.2.1
187 silly packumentCache full:https://registry.npmjs.org/range-parser cache-miss
188 http fetch GET 200 https://registry.npmjs.org/range-parser 248ms (cache miss)
189 silly packumentCache full:https://registry.npmjs.org/range-parser set size:undefined disposed:false
190 silly fetch manifest serve-static@^2.2.0
191 silly packumentCache full:https://registry.npmjs.org/serve-static cache-miss
192 http fetch GET 200 https://registry.npmjs.org/http-errors 1382ms (cache miss)
193 silly packumentCache full:https://registry.npmjs.org/http-errors set size:undefined disposed:false
194 silly fetch manifest cookie-signature@^1.2.1
195 silly packumentCache full:https://registry.npmjs.org/cookie-signature cache-miss
196 http fetch GET 200 https://registry.npmjs.org/serve-static 451ms (cache miss)
197 silly packumentCache full:https://registry.npmjs.org/serve-static set size:undefined disposed:false
198 silly fetch manifest merge-descriptors@^2.0.0
199 silly packumentCache full:https://registry.npmjs.org/merge-descriptors cache-miss
200 http fetch GET 200 https://registry.npmjs.org/cookie-signature 581ms (cache miss)
201 silly packumentCache full:https://registry.npmjs.org/cookie-signature set size:undefined disposed:false
202 silly fetch manifest content-disposition@^1.0.0
203 silly packumentCache full:https://registry.npmjs.org/content-disposition cache-miss
204 http fetch GET 200 https://registry.npmjs.org/merge-descriptors 589ms (cache miss)
205 silly packumentCache full:https://registry.npmjs.org/merge-descriptors set size:undefined disposed:false
206 http fetch GET 200 https://registry.npmjs.org/content-disposition 721ms (cache miss)
207 silly packumentCache full:https://registry.npmjs.org/content-disposition set size:undefined disposed:false
208 silly placeDep ROOT @hono/node-server@1.19.14 OK for: @modelcontextprotocol/sdk@1.29.0 want: ^1.19.9
209 silly placeDep ROOT hono@4.12.25 OK for: @hono/node-server@1.19.14 want: ^4
210 silly placeDep ROOT ajv@8.20.0 OK for: @modelcontextprotocol/sdk@1.29.0 want: ^8.17.1
211 silly placeDep ROOT ajv-formats@3.0.1 OK for: @modelcontextprotocol/sdk@1.29.0 want: ^3.0.1
212 silly placeDep ROOT content-type@1.0.5 OK for: @modelcontextprotocol/sdk@1.29.0 want: ^1.0.5
213 silly placeDep ROOT cors@2.8.6 OK for: @modelcontextprotocol/sdk@1.29.0 want: ^2.8.5
214 silly placeDep ROOT cross-spawn@7.0.6 OK for: @modelcontextprotocol/sdk@1.29.0 want: ^7.0.5
215 silly placeDep ROOT eventsource@3.0.7 OK for: @modelcontextprotocol/sdk@1.29.0 want: ^3.0.2
216 silly placeDep ROOT eventsource-parser@3.1.0 OK for: @modelcontextprotocol/sdk@1.29.0 want: ^3.0.0
217 silly placeDep ROOT express-rate-limit@8.5.2 OK for: @modelcontextprotocol/sdk@1.29.0 want: ^8.2.1
218 silly placeDep ROOT jose@6.2.3 OK for: @modelcontextprotocol/sdk@1.29.0 want: ^6.1.3
219 silly placeDep ROOT json-schema-typed@8.0.2 OK for: @modelcontextprotocol/sdk@1.29.0 want: ^8.0.2
220 silly placeDep ROOT pkce-challenge@5.0.1 OK for: @modelcontextprotocol/sdk@1.29.0 want: ^5.0.0
221 silly placeDep ROOT raw-body@3.0.2 OK for: @modelcontextprotocol/sdk@1.29.0 want: ^3.0.0
222 silly placeDep ROOT zod-to-json-schema@3.25.2 OK for: @modelcontextprotocol/sdk@1.29.0 want: ^3.25.1
223 silly fetch manifest fast-deep-equal@^3.1.3
224 silly packumentCache full:https://registry.npmjs.org/fast-deep-equal cache-miss
225 silly fetch manifest fast-uri@^3.0.1
226 silly packumentCache full:https://registry.npmjs.org/fast-uri cache-miss
227 http fetch GET 200 https://registry.npmjs.org/fast-deep-equal 488ms (cache miss)
228 silly packumentCache full:https://registry.npmjs.org/fast-deep-equal set size:undefined disposed:false
229 silly fetch manifest json-schema-traverse@^1.0.0
230 silly packumentCache full:https://registry.npmjs.org/json-schema-traverse cache-miss
231 http fetch GET 200 https://registry.npmjs.org/json-schema-traverse 263ms (cache miss)
232 silly packumentCache full:https://registry.npmjs.org/json-schema-traverse set size:undefined disposed:false
233 silly fetch manifest require-from-string@^2.0.2
234 silly packumentCache full:https://registry.npmjs.org/require-from-string cache-miss
235 http fetch GET 200 https://registry.npmjs.org/fast-uri 763ms (cache miss)
236 silly packumentCache full:https://registry.npmjs.org/fast-uri set size:undefined disposed:false
237 silly fetch manifest object-assign@^4
238 silly packumentCache full:https://registry.npmjs.org/object-assign cache-miss
239 http fetch GET 200 https://registry.npmjs.org/require-from-string 223ms (cache miss)
240 silly packumentCache full:https://registry.npmjs.org/require-from-string set size:undefined disposed:false
241 silly fetch manifest vary@^1
242 silly packumentCache full:https://registry.npmjs.org/vary cache-miss
243 http cache https://registry.npmjs.org/vary 3ms (cache hit)
244 silly packumentCache full:https://registry.npmjs.org/vary set size:15994 disposed:false
245 silly fetch manifest which@^2.0.1
246 silly packumentCache full:https://registry.npmjs.org/which cache-miss
247 http fetch GET 200 https://registry.npmjs.org/object-assign 394ms (cache miss)
248 silly packumentCache full:https://registry.npmjs.org/object-assign set size:undefined disposed:false
249 silly fetch manifest path-key@^3.1.0
250 silly packumentCache full:https://registry.npmjs.org/path-key cache-miss
251 http fetch GET 200 https://registry.npmjs.org/which 542ms (cache miss)
252 silly packumentCache full:https://registry.npmjs.org/which set size:undefined disposed:false
253 silly fetch manifest shebang-command@^2.0.0
254 silly packumentCache full:https://registry.npmjs.org/shebang-command cache-miss
255 http fetch GET 200 https://registry.npmjs.org/path-key 395ms (cache miss)
256 silly packumentCache full:https://registry.npmjs.org/path-key set size:undefined disposed:false
257 silly fetch manifest eventsource-parser@^3.0.1
258 silly packumentCache full:https://registry.npmjs.org/eventsource-parser cache-miss
259 http cache https://registry.npmjs.org/eventsource-parser 3ms (cache hit)
260 silly packumentCache full:https://registry.npmjs.org/eventsource-parser set size:78018 disposed:false
261 silly fetch manifest ip-address@^10.2.0
262 silly packumentCache full:https://registry.npmjs.org/ip-address cache-miss
263 http fetch GET 200 https://registry.npmjs.org/shebang-command 210ms (cache miss)
264 silly packumentCache full:https://registry.npmjs.org/shebang-command set size:undefined disposed:false
265 silly fetch manifest bytes@~3.1.2
266 silly packumentCache full:https://registry.npmjs.org/bytes cache-miss
267 http fetch GET 200 https://registry.npmjs.org/bytes 421ms (cache miss)
268 silly packumentCache full:https://registry.npmjs.org/bytes set size:undefined disposed:false
269 silly fetch manifest unpipe@~1.0.0
270 silly packumentCache full:https://registry.npmjs.org/unpipe cache-miss
271 http fetch GET 200 https://registry.npmjs.org/unpipe 215ms (cache miss)
272 silly packumentCache full:https://registry.npmjs.org/unpipe set size:undefined disposed:false
273 silly fetch manifest iconv-lite@~0.7.0
274 silly packumentCache full:https://registry.npmjs.org/iconv-lite cache-miss
275 http fetch GET 200 https://registry.npmjs.org/iconv-lite 757ms (cache miss)
276 silly packumentCache full:https://registry.npmjs.org/iconv-lite set size:undefined disposed:false
277 silly fetch manifest http-errors@~2.0.1
278 silly packumentCache full:https://registry.npmjs.org/http-errors cache-miss
279 http cache https://registry.npmjs.org/http-errors 3ms (cache hit)
280 silly packumentCache full:https://registry.npmjs.org/http-errors set size:71987 disposed:false
281 http fetch GET 200 https://registry.npmjs.org/ip-address 1860ms (cache miss)
282 silly packumentCache full:https://registry.npmjs.org/ip-address set size:undefined disposed:false
283 silly placeDep ROOT fast-deep-equal@3.1.3 OK for: ajv@8.20.0 want: ^3.1.3
284 silly placeDep ROOT fast-uri@3.1.2 OK for: ajv@8.20.0 want: ^3.0.1
285 silly placeDep ROOT json-schema-traverse@1.0.0 OK for: ajv@8.20.0 want: ^1.0.0
286 silly placeDep ROOT require-from-string@2.0.2 OK for: ajv@8.20.0 want: ^2.0.2
287 silly placeDep ROOT object-assign@4.1.1 OK for: cors@2.8.6 want: ^4
288 silly placeDep ROOT vary@1.1.2 OK for: cors@2.8.6 want: ^1
289 silly placeDep ROOT path-key@3.1.1 OK for: cross-spawn@7.0.6 want: ^3.1.0
290 silly placeDep ROOT shebang-command@2.0.0 OK for: cross-spawn@7.0.6 want: ^2.0.0
291 silly placeDep ROOT which@2.0.2 OK for: cross-spawn@7.0.6 want: ^2.0.1
292 silly fetch manifest shebang-regex@^3.0.0
293 silly packumentCache full:https://registry.npmjs.org/shebang-regex cache-miss
294 silly fetch manifest isexe@^2.0.0
295 silly packumentCache full:https://registry.npmjs.org/isexe cache-miss
296 http fetch GET 200 https://registry.npmjs.org/shebang-regex 236ms (cache miss)
297 silly packumentCache full:https://registry.npmjs.org/shebang-regex set size:undefined disposed:false
298 http fetch GET 200 https://registry.npmjs.org/isexe 513ms (cache miss)
299 silly packumentCache full:https://registry.npmjs.org/isexe set size:undefined disposed:false
300 silly placeDep ROOT accepts@2.0.0 OK for: express@5.2.1 want: ^2.0.0
301 silly placeDep ROOT body-parser@2.2.2 OK for: express@5.2.1 want: ^2.2.1
302 silly placeDep ROOT content-disposition@1.1.0 OK for: express@5.2.1 want: ^1.0.0
303 silly placeDep ROOT cookie@0.7.2 OK for: express@5.2.1 want: ^0.7.1
304 silly placeDep ROOT cookie-signature@1.2.2 OK for: express@5.2.1 want: ^1.2.1
305 silly placeDep ROOT debug@4.4.3 OK for: express@5.2.1 want: ^4.4.0
306 silly placeDep ROOT depd@2.0.0 OK for: express@5.2.1 want: ^2.0.0
307 silly placeDep ROOT encodeurl@2.0.0 OK for: express@5.2.1 want: ^2.0.0
308 silly placeDep ROOT escape-html@1.0.3 OK for: express@5.2.1 want: ^1.0.3
309 silly placeDep ROOT etag@1.8.1 OK for: express@5.2.1 want: ^1.8.1
310 silly placeDep ROOT finalhandler@2.1.1 OK for: express@5.2.1 want: ^2.1.0
311 silly placeDep ROOT fresh@2.0.0 OK for: express@5.2.1 want: ^2.0.0
312 silly placeDep ROOT http-errors@2.0.1 OK for: express@5.2.1 want: ^2.0.0
313 silly placeDep ROOT merge-descriptors@2.0.0 OK for: express@5.2.1 want: ^2.0.0
314 silly placeDep ROOT mime-types@3.0.2 OK for: express@5.2.1 want: ^3.0.0
315 silly placeDep ROOT on-finished@2.4.1 OK for: express@5.2.1 want: ^2.4.1
316 silly placeDep ROOT once@1.4.0 OK for: express@5.2.1 want: ^1.4.0
317 silly placeDep ROOT parseurl@1.3.3 OK for: express@5.2.1 want: ^1.3.3
318 silly placeDep ROOT proxy-addr@2.0.7 OK for: express@5.2.1 want: ^2.0.7
319 silly placeDep ROOT qs@6.15.2 OK for: express@5.2.1 want: ^6.14.0
320 silly placeDep ROOT range-parser@1.2.1 OK for: express@5.2.1 want: ^1.2.1
321 silly placeDep ROOT router@2.2.0 OK for: express@5.2.1 want: ^2.2.0
322 silly placeDep ROOT send@1.2.1 OK for: express@5.2.1 want: ^1.1.0
323 silly placeDep ROOT serve-static@2.2.1 OK for: express@5.2.1 want: ^2.2.0
324 silly placeDep ROOT statuses@2.0.2 OK for: express@5.2.1 want: ^2.0.1
325 silly placeDep ROOT type-is@2.1.0 OK for: express@5.2.1 want: ^2.0.1
326 silly fetch manifest negotiator@^1.0.0
327 silly packumentCache full:https://registry.npmjs.org/negotiator cache-miss
328 silly fetch manifest qs@^6.14.1
329 silly packumentCache full:https://registry.npmjs.org/qs cache-miss
330 http cache https://registry.npmjs.org/qs 4ms (cache hit)
331 silly packumentCache full:https://registry.npmjs.org/qs set size:356906 disposed:false
332 silly fetch manifest bytes@^3.1.2
333 silly packumentCache full:https://registry.npmjs.org/bytes cache-miss
334 http cache https://registry.npmjs.org/bytes 2ms (cache hit)
335 silly packumentCache full:https://registry.npmjs.org/bytes set size:37018 disposed:false
336 silly fetch manifest debug@^4.4.3
337 silly packumentCache full:https://registry.npmjs.org/debug cache-miss
338 http cache https://registry.npmjs.org/debug 3ms (cache hit)
339 silly packumentCache full:https://registry.npmjs.org/debug set size:195840 disposed:false
340 silly fetch manifest iconv-lite@^0.7.0
341 silly packumentCache full:https://registry.npmjs.org/iconv-lite cache-miss
342 http cache https://registry.npmjs.org/iconv-lite 2ms (cache hit)
343 silly packumentCache full:https://registry.npmjs.org/iconv-lite set size:120557 disposed:false
344 silly fetch manifest ms@^2.1.3
345 silly packumentCache full:https://registry.npmjs.org/ms cache-miss
346 http fetch GET 200 https://registry.npmjs.org/ms 635ms (cache miss)
347 silly packumentCache full:https://registry.npmjs.org/ms set size:undefined disposed:false
348 silly fetch manifest inherits@~2.0.4
349 silly packumentCache full:https://registry.npmjs.org/inherits cache-miss
350 http fetch GET 200 https://registry.npmjs.org/negotiator 887ms (cache miss)
351 silly packumentCache full:https://registry.npmjs.org/negotiator set size:undefined disposed:false
352 silly fetch manifest setprototypeof@~1.2.0
353 silly packumentCache full:https://registry.npmjs.org/setprototypeof cache-miss
354 http fetch GET 200 https://registry.npmjs.org/setprototypeof 259ms (cache miss)
355 silly packumentCache full:https://registry.npmjs.org/setprototypeof set size:undefined disposed:false
356 silly fetch manifest statuses@~2.0.2
357 silly packumentCache full:https://registry.npmjs.org/statuses cache-miss
358 http cache https://registry.npmjs.org/statuses 6ms (cache hit)
359 silly packumentCache full:https://registry.npmjs.org/statuses set size:37117 disposed:false
360 silly fetch manifest toidentifier@~1.0.1
361 silly packumentCache full:https://registry.npmjs.org/toidentifier cache-miss
362 http fetch GET 200 https://registry.npmjs.org/inherits 500ms (cache miss)
363 silly packumentCache full:https://registry.npmjs.org/inherits set size:undefined disposed:false
364 silly fetch manifest mime-db@^1.54.0
365 silly packumentCache full:https://registry.npmjs.org/mime-db cache-miss
366 http fetch GET 200 https://registry.npmjs.org/toidentifier 982ms (cache miss)
367 silly packumentCache full:https://registry.npmjs.org/toidentifier set size:undefined disposed:false
368 silly fetch manifest ee-first@1.1.1
369 silly packumentCache full:https://registry.npmjs.org/ee-first cache-miss
370 http fetch GET 200 https://registry.npmjs.org/mime-db 1181ms (cache miss)
371 silly packumentCache full:https://registry.npmjs.org/mime-db set size:undefined disposed:false
372 silly fetch manifest wrappy@1
373 silly packumentCache full:https://registry.npmjs.org/wrappy cache-miss
374 http fetch GET 200 https://registry.npmjs.org/ee-first 238ms (cache miss)
375 silly packumentCache full:https://registry.npmjs.org/ee-first set size:undefined disposed:false
376 silly fetch manifest forwarded@0.2.0
377 silly packumentCache full:https://registry.npmjs.org/forwarded cache-miss
378 http fetch GET 200 https://registry.npmjs.org/wrappy 272ms (cache miss)
379 silly packumentCache full:https://registry.npmjs.org/wrappy set size:undefined disposed:false
380 silly fetch manifest ipaddr.js@1.9.1
381 silly packumentCache full:https://registry.npmjs.org/ipaddr.js cache-miss
382 http fetch GET 200 https://registry.npmjs.org/forwarded 401ms (cache miss)
383 silly packumentCache full:https://registry.npmjs.org/forwarded set size:undefined disposed:false
384 silly fetch manifest side-channel@^1.1.0
385 silly packumentCache full:https://registry.npmjs.org/side-channel cache-miss
386 http fetch GET 200 https://registry.npmjs.org/side-channel 408ms (cache miss)
387 silly packumentCache full:https://registry.npmjs.org/side-channel set size:undefined disposed:false
388 silly fetch manifest is-promise@^4.0.0
389 silly packumentCache full:https://registry.npmjs.org/is-promise cache-miss
390 http fetch GET 200 https://registry.npmjs.org/is-promise 352ms (cache miss)
391 silly packumentCache full:https://registry.npmjs.org/is-promise set size:undefined disposed:false
392 silly fetch manifest path-to-regexp@^8.0.0
393 silly packumentCache full:https://registry.npmjs.org/path-to-regexp cache-miss
394 http fetch GET 200 https://registry.npmjs.org/ipaddr.js 978ms (cache miss)
395 silly packumentCache full:https://registry.npmjs.org/ipaddr.js set size:undefined disposed:false
396 silly fetch manifest statuses@^2.0.2
397 silly packumentCache full:https://registry.npmjs.org/statuses cache-hit
398 silly fetch manifest content-type@^2.0.0
399 silly packumentCache full:https://registry.npmjs.org/content-type cache-miss
400 http cache https://registry.npmjs.org/content-type 3ms (cache hit)
401 silly packumentCache full:https://registry.npmjs.org/content-type set size:18994 disposed:false
402 silly fetch manifest media-typer@^1.1.0
403 silly packumentCache full:https://registry.npmjs.org/media-typer cache-miss
404 http fetch GET 200 https://registry.npmjs.org/media-typer 557ms (cache miss)
405 silly packumentCache full:https://registry.npmjs.org/media-typer set size:undefined disposed:false
406 http fetch GET 200 https://registry.npmjs.org/path-to-regexp 2751ms (cache miss)
407 silly packumentCache full:https://registry.npmjs.org/path-to-regexp set size:undefined disposed:false
408 silly placeDep ROOT negotiator@1.0.0 OK for: accepts@2.0.0 want: ^1.0.0
409 silly placeDep ROOT bytes@3.1.2 OK for: body-parser@2.2.2 want: ^3.1.2
410 silly placeDep ROOT iconv-lite@0.7.2 OK for: body-parser@2.2.2 want: ^0.7.0
411 silly fetch manifest safer-buffer@>= 2.1.2 < 3.0.0
412 silly packumentCache full:https://registry.npmjs.org/safer-buffer cache-miss
413 http fetch GET 200 https://registry.npmjs.org/safer-buffer 661ms (cache miss)
414 silly packumentCache full:https://registry.npmjs.org/safer-buffer set size:undefined disposed:false
415 silly placeDep ROOT ms@2.1.3 OK for: debug@4.4.3 want: ^2.1.3
416 silly placeDep ROOT ip-address@10.2.0 OK for: express-rate-limit@8.5.2 want: ^10.2.0
417 silly placeDep ROOT inherits@2.0.4 OK for: http-errors@2.0.1 want: ~2.0.4
418 silly placeDep ROOT setprototypeof@1.2.0 OK for: http-errors@2.0.1 want: ~1.2.0
419 silly placeDep ROOT toidentifier@1.0.1 OK for: http-errors@2.0.1 want: ~1.0.1
420 silly placeDep ROOT safer-buffer@2.1.2 OK for: iconv-lite@0.7.2 want: >= 2.1.2 < 3.0.0
421 silly placeDep ROOT mime-db@1.54.0 OK for: mime-types@3.0.2 want: ^1.54.0
422 silly placeDep ROOT ee-first@1.1.1 OK for: on-finished@2.4.1 want: 1.1.1
423 silly placeDep ROOT wrappy@1.0.2 OK for: once@1.4.0 want: 1
424 silly placeDep ROOT forwarded@0.2.0 OK for: proxy-addr@2.0.7 want: 0.2.0
425 silly placeDep ROOT ipaddr.js@1.9.1 OK for: proxy-addr@2.0.7 want: 1.9.1
426 silly placeDep ROOT side-channel@1.1.1 OK for: qs@6.15.2 want: ^1.1.0
427 silly fetch manifest es-errors@^1.3.0
428 silly packumentCache full:https://registry.npmjs.org/es-errors cache-miss
429 silly fetch manifest object-inspect@^1.13.4
430 silly packumentCache full:https://registry.npmjs.org/object-inspect cache-miss
431 http fetch GET 200 https://registry.npmjs.org/es-errors 260ms (cache miss)
432 silly packumentCache full:https://registry.npmjs.org/es-errors set size:undefined disposed:false
433 silly fetch manifest side-channel-list@^1.0.1
434 silly packumentCache full:https://registry.npmjs.org/side-channel-list cache-miss
435 http fetch GET 200 https://registry.npmjs.org/side-channel-list 259ms (cache miss)
436 silly packumentCache full:https://registry.npmjs.org/side-channel-list set size:undefined disposed:false
437 silly fetch manifest side-channel-map@^1.0.1
438 silly packumentCache full:https://registry.npmjs.org/side-channel-map cache-miss
439 http fetch GET 200 https://registry.npmjs.org/side-channel-map 443ms (cache miss)
440 silly packumentCache full:https://registry.npmjs.org/side-channel-map set size:undefined disposed:false
441 silly fetch manifest side-channel-weakmap@^1.0.2
442 silly packumentCache full:https://registry.npmjs.org/side-channel-weakmap cache-miss
443 http fetch GET 200 https://registry.npmjs.org/object-inspect 1342ms (cache miss)
444 silly packumentCache full:https://registry.npmjs.org/object-inspect set size:undefined disposed:false
445 http fetch GET 200 https://registry.npmjs.org/side-channel-weakmap 1217ms (cache miss)
446 silly packumentCache full:https://registry.npmjs.org/side-channel-weakmap set size:undefined disposed:false
447 silly placeDep ROOT unpipe@1.0.0 OK for: raw-body@3.0.2 want: ~1.0.0
448 silly placeDep ROOT is-promise@4.0.0 OK for: router@2.2.0 want: ^4.0.0
449 silly placeDep ROOT path-to-regexp@8.4.2 OK for: router@2.2.0 want: ^8.0.0
450 silly placeDep ROOT shebang-regex@3.0.0 OK for: shebang-command@2.0.0 want: ^3.0.0
451 silly placeDep ROOT es-errors@1.3.0 OK for: side-channel@1.1.1 want: ^1.3.0
452 silly placeDep ROOT object-inspect@1.13.4 OK for: side-channel@1.1.1 want: ^1.13.4
453 silly placeDep ROOT side-channel-list@1.0.1 OK for: side-channel@1.1.1 want: ^1.0.1
454 silly placeDep ROOT side-channel-map@1.0.1 OK for: side-channel@1.1.1 want: ^1.0.1
455 silly placeDep ROOT side-channel-weakmap@1.0.2 OK for: side-channel@1.1.1 want: ^1.0.2
456 silly fetch manifest call-bound@^1.0.2
457 silly packumentCache full:https://registry.npmjs.org/call-bound cache-miss
458 silly fetch manifest get-intrinsic@^1.2.5
459 silly packumentCache full:https://registry.npmjs.org/get-intrinsic cache-miss
460 http fetch GET 200 https://registry.npmjs.org/call-bound 348ms (cache miss)
461 silly packumentCache full:https://registry.npmjs.org/call-bound set size:undefined disposed:false
462 silly fetch manifest get-intrinsic@^1.2.5
463 silly packumentCache full:https://registry.npmjs.org/get-intrinsic cache-miss
464 http fetch GET 200 https://registry.npmjs.org/get-intrinsic 491ms (cache miss)
465 silly packumentCache full:https://registry.npmjs.org/get-intrinsic set size:undefined disposed:false
466 http fetch GET 200 https://registry.npmjs.org/get-intrinsic 935ms (cache miss)
467 silly packumentCache full:https://registry.npmjs.org/get-intrinsic set size:undefined disposed:false
468 silly placeDep ROOT call-bound@1.0.4 OK for: side-channel-map@1.0.1 want: ^1.0.2
469 silly placeDep ROOT get-intrinsic@1.3.0 OK for: side-channel-map@1.0.1 want: ^1.2.5
470 silly fetch manifest call-bind-apply-helpers@^1.0.2
471 silly packumentCache full:https://registry.npmjs.org/call-bind-apply-helpers cache-miss
472 silly fetch manifest get-intrinsic@^1.3.0
473 silly packumentCache full:https://registry.npmjs.org/get-intrinsic cache-miss
474 http cache https://registry.npmjs.org/get-intrinsic 4ms (cache hit)
475 silly packumentCache full:https://registry.npmjs.org/get-intrinsic set size:60985 disposed:false
476 silly fetch manifest gopd@^1.2.0
477 silly packumentCache full:https://registry.npmjs.org/gopd cache-miss
478 http fetch GET 200 https://registry.npmjs.org/gopd 329ms (cache miss)
479 silly packumentCache full:https://registry.npmjs.org/gopd set size:undefined disposed:false
480 silly fetch manifest hasown@^2.0.2
481 silly packumentCache full:https://registry.npmjs.org/hasown cache-miss
482 http fetch GET 200 https://registry.npmjs.org/call-bind-apply-helpers 800ms (cache miss)
483 silly packumentCache full:https://registry.npmjs.org/call-bind-apply-helpers set size:undefined disposed:false
484 silly fetch manifest get-proto@^1.0.1
485 silly packumentCache full:https://registry.npmjs.org/get-proto cache-miss
486 http fetch GET 200 https://registry.npmjs.org/hasown 977ms (cache miss)
487 silly packumentCache full:https://registry.npmjs.org/hasown set size:undefined disposed:false
488 silly fetch manifest has-symbols@^1.1.0
489 silly packumentCache full:https://registry.npmjs.org/has-symbols cache-miss
490 http fetch GET 200 https://registry.npmjs.org/get-proto 747ms (cache miss)
491 silly packumentCache full:https://registry.npmjs.org/get-proto set size:undefined disposed:false
492 silly fetch manifest function-bind@^1.1.2
493 silly packumentCache full:https://registry.npmjs.org/function-bind cache-miss
494 http fetch GET 200 https://registry.npmjs.org/has-symbols 430ms (cache miss)
495 silly packumentCache full:https://registry.npmjs.org/has-symbols set size:undefined disposed:false
496 silly fetch manifest es-object-atoms@^1.1.1
497 silly packumentCache full:https://registry.npmjs.org/es-object-atoms cache-miss
498 http fetch GET 200 https://registry.npmjs.org/function-bind 259ms (cache miss)
499 silly packumentCache full:https://registry.npmjs.org/function-bind set size:undefined disposed:false
500 silly fetch manifest math-intrinsics@^1.1.0
501 silly packumentCache full:https://registry.npmjs.org/math-intrinsics cache-miss
502 http fetch GET 200 https://registry.npmjs.org/es-object-atoms 327ms (cache miss)
503 silly packumentCache full:https://registry.npmjs.org/es-object-atoms set size:undefined disposed:false
504 silly fetch manifest es-define-property@^1.0.1
505 silly packumentCache full:https://registry.npmjs.org/es-define-property cache-miss
506 http fetch GET 200 https://registry.npmjs.org/math-intrinsics 400ms (cache miss)
507 silly packumentCache full:https://registry.npmjs.org/math-intrinsics set size:undefined disposed:false
508 http fetch GET 200 https://registry.npmjs.org/es-define-property 315ms (cache miss)
509 silly packumentCache full:https://registry.npmjs.org/es-define-property set size:undefined disposed:false
510 silly placeDep ROOT call-bind-apply-helpers@1.0.2 OK for: call-bound@1.0.4 want: ^1.0.2
511 silly placeDep ROOT function-bind@1.1.2 OK for: call-bind-apply-helpers@1.0.2 want: ^1.1.2
512 silly placeDep ROOT es-define-property@1.0.1 OK for: get-intrinsic@1.3.0 want: ^1.0.1
513 silly placeDep ROOT es-object-atoms@1.1.2 OK for: get-intrinsic@1.3.0 want: ^1.1.1
514 silly placeDep ROOT get-proto@1.0.1 OK for: get-intrinsic@1.3.0 want: ^1.0.1
515 silly placeDep ROOT gopd@1.2.0 OK for: get-intrinsic@1.3.0 want: ^1.2.0
516 silly placeDep ROOT has-symbols@1.1.0 OK for: get-intrinsic@1.3.0 want: ^1.1.0
517 silly placeDep ROOT hasown@2.0.4 OK for: get-intrinsic@1.3.0 want: ^2.0.2
518 silly placeDep ROOT math-intrinsics@1.1.0 OK for: get-intrinsic@1.3.0 want: ^1.1.0
519 silly fetch manifest dunder-proto@^1.0.1
520 silly packumentCache full:https://registry.npmjs.org/dunder-proto cache-miss
521 http fetch GET 200 https://registry.npmjs.org/dunder-proto 236ms (cache miss)
522 silly packumentCache full:https://registry.npmjs.org/dunder-proto set size:undefined disposed:false
523 silly placeDep ROOT dunder-proto@1.0.1 OK for: get-proto@1.0.1 want: ^1.0.1
524 silly placeDep node_modules/type-is content-type@2.0.0 OK for: type-is@2.1.0 want: ^2.0.0
525 silly placeDep ROOT media-typer@1.1.0 OK for: type-is@2.1.0 want: ^1.1.0
526 silly placeDep ROOT isexe@2.0.0 OK for: which@2.0.2 want: ^2.0.0
527 silly reify moves {}
528 http cache isexe@https://registry.npmjs.org/isexe/-/isexe-2.0.0.tgz 0ms (cache hit)
529 http cache media-typer@https://registry.npmjs.org/media-typer/-/media-typer-1.1.0.tgz 0ms (cache hit)
530 http cache dunder-proto@https://registry.npmjs.org/dunder-proto/-/dunder-proto-1.0.1.tgz 0ms (cache hit)
531 http cache hasown@https://registry.npmjs.org/hasown/-/hasown-2.0.4.tgz 0ms (cache hit)
532 http cache has-symbols@https://registry.npmjs.org/has-symbols/-/has-symbols-1.1.0.tgz 0ms (cache hit)
533 http cache math-intrinsics@https://registry.npmjs.org/math-intrinsics/-/math-intrinsics-1.1.0.tgz 0ms (cache hit)
534 http cache gopd@https://registry.npmjs.org/gopd/-/gopd-1.2.0.tgz 0ms (cache hit)
535 http cache get-proto@https://registry.npmjs.org/get-proto/-/get-proto-1.0.1.tgz 0ms (cache hit)
536 http cache es-object-atoms@https://registry.npmjs.org/es-object-atoms/-/es-object-atoms-1.1.2.tgz 0ms (cache hit)
537 http cache es-define-property@https://registry.npmjs.org/es-define-property/-/es-define-property-1.0.1.tgz 0ms (cache hit)
538 http cache function-bind@https://registry.npmjs.org/function-bind/-/function-bind-1.1.2.tgz 0ms (cache hit)
539 http cache call-bind-apply-helpers@https://registry.npmjs.org/call-bind-apply-helpers/-/call-bind-apply-helpers-1.0.2.tgz 0ms (cache hit)
540 http cache get-intrinsic@https://registry.npmjs.org/get-intrinsic/-/get-intrinsic-1.3.0.tgz 0ms (cache hit)
541 http cache call-bound@https://registry.npmjs.org/call-bound/-/call-bound-1.0.4.tgz 0ms (cache hit)
542 http cache side-channel-weakmap@https://registry.npmjs.org/side-channel-weakmap/-/side-channel-weakmap-1.0.2.tgz 0ms (cache hit)
543 http cache side-channel-map@https://registry.npmjs.org/side-channel-map/-/side-channel-map-1.0.1.tgz 0ms (cache hit)
544 http cache side-channel-list@https://registry.npmjs.org/side-channel-list/-/side-channel-list-1.0.1.tgz 0ms (cache hit)
545 http cache object-inspect@https://registry.npmjs.org/object-inspect/-/object-inspect-1.13.4.tgz 0ms (cache hit)
546 http cache es-errors@https://registry.npmjs.org/es-errors/-/es-errors-1.3.0.tgz 1ms (cache hit)
547 http cache shebang-regex@https://registry.npmjs.org/shebang-regex/-/shebang-regex-3.0.0.tgz 0ms (cache hit)
548 http cache path-to-regexp@https://registry.npmjs.org/path-to-regexp/-/path-to-regexp-8.4.2.tgz 0ms (cache hit)
549 http cache is-promise@https://registry.npmjs.org/is-promise/-/is-promise-4.0.0.tgz 0ms (cache hit)
550 http cache unpipe@https://registry.npmjs.org/unpipe/-/unpipe-1.0.0.tgz 0ms (cache hit)
551 http cache side-channel@https://registry.npmjs.org/side-channel/-/side-channel-1.1.1.tgz 0ms (cache hit)
552 http cache ipaddr.js@https://registry.npmjs.org/ipaddr.js/-/ipaddr.js-1.9.1.tgz 0ms (cache hit)
553 http cache forwarded@https://registry.npmjs.org/forwarded/-/forwarded-0.2.0.tgz 0ms (cache hit)
554 http cache wrappy@https://registry.npmjs.org/wrappy/-/wrappy-1.0.2.tgz 0ms (cache hit)
555 http cache ee-first@https://registry.npmjs.org/ee-first/-/ee-first-1.1.1.tgz 0ms (cache hit)
556 http cache mime-db@https://registry.npmjs.org/mime-db/-/mime-db-1.54.0.tgz 0ms (cache hit)
557 http cache safer-buffer@https://registry.npmjs.org/safer-buffer/-/safer-buffer-2.1.2.tgz 0ms (cache hit)
558 http cache toidentifier@https://registry.npmjs.org/toidentifier/-/toidentifier-1.0.1.tgz 0ms (cache hit)
559 http cache setprototypeof@https://registry.npmjs.org/setprototypeof/-/setprototypeof-1.2.0.tgz 0ms (cache hit)
560 http cache inherits@https://registry.npmjs.org/inherits/-/inherits-2.0.4.tgz 0ms (cache hit)
561 http cache ip-address@https://registry.npmjs.org/ip-address/-/ip-address-10.2.0.tgz 0ms (cache hit)
562 http cache ms@https://registry.npmjs.org/ms/-/ms-2.1.3.tgz 0ms (cache hit)
563 http cache iconv-lite@https://registry.npmjs.org/iconv-lite/-/iconv-lite-0.7.2.tgz 0ms (cache hit)
564 http cache bytes@https://registry.npmjs.org/bytes/-/bytes-3.1.2.tgz 0ms (cache hit)
565 http cache negotiator@https://registry.npmjs.org/negotiator/-/negotiator-1.0.0.tgz 0ms (cache hit)
566 http cache type-is@https://registry.npmjs.org/type-is/-/type-is-2.1.0.tgz 0ms (cache hit)
567 http cache statuses@https://registry.npmjs.org/statuses/-/statuses-2.0.2.tgz 0ms (cache hit)
568 http cache serve-static@https://registry.npmjs.org/serve-static/-/serve-static-2.2.1.tgz 0ms (cache hit)
569 http cache send@https://registry.npmjs.org/send/-/send-1.2.1.tgz 0ms (cache hit)
570 http cache router@https://registry.npmjs.org/router/-/router-2.2.0.tgz 0ms (cache hit)
571 http cache range-parser@https://registry.npmjs.org/range-parser/-/range-parser-1.2.1.tgz 0ms (cache hit)
572 http cache qs@https://registry.npmjs.org/qs/-/qs-6.15.2.tgz 0ms (cache hit)
573 http cache proxy-addr@https://registry.npmjs.org/proxy-addr/-/proxy-addr-2.0.7.tgz 0ms (cache hit)
574 http cache parseurl@https://registry.npmjs.org/parseurl/-/parseurl-1.3.3.tgz 0ms (cache hit)
575 http cache once@https://registry.npmjs.org/once/-/once-1.4.0.tgz 0ms (cache hit)
576 http cache on-finished@https://registry.npmjs.org/on-finished/-/on-finished-2.4.1.tgz 0ms (cache hit)
577 http cache mime-types@https://registry.npmjs.org/mime-types/-/mime-types-3.0.2.tgz 0ms (cache hit)
578 http cache merge-descriptors@https://registry.npmjs.org/merge-descriptors/-/merge-descriptors-2.0.0.tgz 0ms (cache hit)
579 http cache http-errors@https://registry.npmjs.org/http-errors/-/http-errors-2.0.1.tgz 0ms (cache hit)
580 http cache fresh@https://registry.npmjs.org/fresh/-/fresh-2.0.0.tgz 0ms (cache hit)
581 http cache finalhandler@https://registry.npmjs.org/finalhandler/-/finalhandler-2.1.1.tgz 0ms (cache hit)
582 http cache etag@https://registry.npmjs.org/etag/-/etag-1.8.1.tgz 0ms (cache hit)
583 http cache escape-html@https://registry.npmjs.org/escape-html/-/escape-html-1.0.3.tgz 0ms (cache hit)
584 http cache encodeurl@https://registry.npmjs.org/encodeurl/-/encodeurl-2.0.0.tgz 0ms (cache hit)
585 http cache depd@https://registry.npmjs.org/depd/-/depd-2.0.0.tgz 0ms (cache hit)
586 http cache debug@https://registry.npmjs.org/debug/-/debug-4.4.3.tgz 0ms (cache hit)
587 http cache cookie-signature@https://registry.npmjs.org/cookie-signature/-/cookie-signature-1.2.2.tgz 0ms (cache hit)
588 http cache cookie@https://registry.npmjs.org/cookie/-/cookie-0.7.2.tgz 0ms (cache hit)
589 http cache content-disposition@https://registry.npmjs.org/content-disposition/-/content-disposition-1.1.0.tgz 0ms (cache hit)
590 http cache body-parser@https://registry.npmjs.org/body-parser/-/body-parser-2.2.2.tgz 0ms (cache hit)
591 http cache accepts@https://registry.npmjs.org/accepts/-/accepts-2.0.0.tgz 0ms (cache hit)
592 http cache which@https://registry.npmjs.org/which/-/which-2.0.2.tgz 0ms (cache hit)
593 http cache shebang-command@https://registry.npmjs.org/shebang-command/-/shebang-command-2.0.0.tgz 0ms (cache hit)
594 http cache path-key@https://registry.npmjs.org/path-key/-/path-key-3.1.1.tgz 0ms (cache hit)
595 http cache vary@https://registry.npmjs.org/vary/-/vary-1.1.2.tgz 0ms (cache hit)
596 http cache object-assign@https://registry.npmjs.org/object-assign/-/object-assign-4.1.1.tgz 0ms (cache hit)
597 http cache require-from-string@https://registry.npmjs.org/require-from-string/-/require-from-string-2.0.2.tgz 0ms (cache hit)
598 http cache json-schema-traverse@https://registry.npmjs.org/json-schema-traverse/-/json-schema-traverse-1.0.0.tgz 0ms (cache hit)
599 http cache fast-uri@https://registry.npmjs.org/fast-uri/-/fast-uri-3.1.2.tgz 0ms (cache hit)
600 http cache fast-deep-equal@https://registry.npmjs.org/fast-deep-equal/-/fast-deep-equal-3.1.3.tgz 0ms (cache hit)
601 http cache zod-to-json-schema@https://registry.npmjs.org/zod-to-json-schema/-/zod-to-json-schema-3.25.2.tgz 0ms (cache hit)
602 http cache raw-body@https://registry.npmjs.org/raw-body/-/raw-body-3.0.2.tgz 0ms (cache hit)
603 http cache pkce-challenge@https://registry.npmjs.org/pkce-challenge/-/pkce-challenge-5.0.1.tgz 0ms (cache hit)
604 http cache json-schema-typed@https://registry.npmjs.org/json-schema-typed/-/json-schema-typed-8.0.2.tgz 0ms (cache hit)
605 http cache jose@https://registry.npmjs.org/jose/-/jose-6.2.3.tgz 0ms (cache hit)
606 http cache express-rate-limit@https://registry.npmjs.org/express-rate-limit/-/express-rate-limit-8.5.2.tgz 0ms (cache hit)
607 http cache eventsource-parser@https://registry.npmjs.org/eventsource-parser/-/eventsource-parser-3.1.0.tgz 0ms (cache hit)
608 http cache eventsource@https://registry.npmjs.org/eventsource/-/eventsource-3.0.7.tgz 0ms (cache hit)
609 http cache cross-spawn@https://registry.npmjs.org/cross-spawn/-/cross-spawn-7.0.6.tgz 0ms (cache hit)
610 http cache cors@https://registry.npmjs.org/cors/-/cors-2.8.6.tgz 0ms (cache hit)
611 http cache content-type@https://registry.npmjs.org/content-type/-/content-type-1.0.5.tgz 0ms (cache hit)
612 http cache ajv-formats@https://registry.npmjs.org/ajv-formats/-/ajv-formats-3.0.1.tgz 0ms (cache hit)
613 http cache ajv@https://registry.npmjs.org/ajv/-/ajv-8.20.0.tgz 0ms (cache hit)
614 http cache hono@https://registry.npmjs.org/hono/-/hono-4.12.25.tgz 0ms (cache hit)
615 http cache @hono/node-server@https://registry.npmjs.org/@hono/node-server/-/node-server-1.19.14.tgz 0ms (cache hit)
616 http cache zod@https://registry.npmjs.org/zod/-/zod-4.4.3.tgz 0ms (cache hit)
617 http cache express@https://registry.npmjs.org/express/-/express-5.2.1.tgz 0ms (cache hit)
618 http cache @modelcontextprotocol/sdk@https://registry.npmjs.org/@modelcontextprotocol/sdk/-/sdk-1.29.0.tgz 0ms (cache hit)
619 http cache content-type@https://registry.npmjs.org/content-type/-/content-type-2.0.0.tgz 0ms (cache hit)
620 silly tarball no local data for isexe@https://registry.npmjs.org/isexe/-/isexe-2.0.0.tgz. Extracting by manifest.
621 silly tarball no local data for media-typer@https://registry.npmjs.org/media-typer/-/media-typer-1.1.0.tgz. Extracting by manifest.
622 silly tarball no local data for dunder-proto@https://registry.npmjs.org/dunder-proto/-/dunder-proto-1.0.1.tgz. Extracting by manifest.
623 silly tarball no local data for hasown@https://registry.npmjs.org/hasown/-/hasown-2.0.4.tgz. Extracting by manifest.
624 silly tarball no local data for has-symbols@https://registry.npmjs.org/has-symbols/-/has-symbols-1.1.0.tgz. Extracting by manifest.
625 silly tarball no local data for math-intrinsics@https://registry.npmjs.org/math-intrinsics/-/math-intrinsics-1.1.0.tgz. Extracting by manifest.
626 silly tarball no local data for gopd@https://registry.npmjs.org/gopd/-/gopd-1.2.0.tgz. Extracting by manifest.
627 silly tarball no local data for get-proto@https://registry.npmjs.org/get-proto/-/get-proto-1.0.1.tgz. Extracting by manifest.
628 silly tarball no local data for es-object-atoms@https://registry.npmjs.org/es-object-atoms/-/es-object-atoms-1.1.2.tgz. Extracting by manifest.
629 silly tarball no local data for es-define-property@https://registry.npmjs.org/es-define-property/-/es-define-property-1.0.1.tgz. Extracting by manifest.
630 silly tarball no local data for function-bind@https://registry.npmjs.org/function-bind/-/function-bind-1.1.2.tgz. Extracting by manifest.
631 silly tarball no local data for call-bind-apply-helpers@https://registry.npmjs.org/call-bind-apply-helpers/-/call-bind-apply-helpers-1.0.2.tgz. Extracting by manifest.
632 silly tarball no local data for get-intrinsic@https://registry.npmjs.org/get-intrinsic/-/get-intrinsic-1.3.0.tgz. Extracting by manifest.
633 silly tarball no local data for call-bound@https://registry.npmjs.org/call-bound/-/call-bound-1.0.4.tgz. Extracting by manifest.
634 silly tarball no local data for side-channel-weakmap@https://registry.npmjs.org/side-channel-weakmap/-/side-channel-weakmap-1.0.2.tgz. Extracting by manifest.
635 silly tarball no local data for side-channel-map@https://registry.npmjs.org/side-channel-map/-/side-channel-map-1.0.1.tgz. Extracting by manifest.
636 silly tarball no local data for side-channel-list@https://registry.npmjs.org/side-channel-list/-/side-channel-list-1.0.1.tgz. Extracting by manifest.
637 silly tarball no local data for object-inspect@https://registry.npmjs.org/object-inspect/-/object-inspect-1.13.4.tgz. Extracting by manifest.
638 silly tarball no local data for es-errors@https://registry.npmjs.org/es-errors/-/es-errors-1.3.0.tgz. Extracting by manifest.
639 silly tarball no local data for shebang-regex@https://registry.npmjs.org/shebang-regex/-/shebang-regex-3.0.0.tgz. Extracting by manifest.
640 silly tarball no local data for path-to-regexp@https://registry.npmjs.org/path-to-regexp/-/path-to-regexp-8.4.2.tgz. Extracting by manifest.
641 silly tarball no local data for is-promise@https://registry.npmjs.org/is-promise/-/is-promise-4.0.0.tgz. Extracting by manifest.
642 silly tarball no local data for unpipe@https://registry.npmjs.org/unpipe/-/unpipe-1.0.0.tgz. Extracting by manifest.
643 silly tarball no local data for side-channel@https://registry.npmjs.org/side-channel/-/side-channel-1.1.1.tgz. Extracting by manifest.
644 silly tarball no local data for ipaddr.js@https://registry.npmjs.org/ipaddr.js/-/ipaddr.js-1.9.1.tgz. Extracting by manifest.
645 silly tarball no local data for forwarded@https://registry.npmjs.org/forwarded/-/forwarded-0.2.0.tgz. Extracting by manifest.
646 silly tarball no local data for wrappy@https://registry.npmjs.org/wrappy/-/wrappy-1.0.2.tgz. Extracting by manifest.
647 silly tarball no local data for ee-first@https://registry.npmjs.org/ee-first/-/ee-first-1.1.1.tgz. Extracting by manifest.
648 silly tarball no local data for mime-db@https://registry.npmjs.org/mime-db/-/mime-db-1.54.0.tgz. Extracting by manifest.
649 silly tarball no local data for safer-buffer@https://registry.npmjs.org/safer-buffer/-/safer-buffer-2.1.2.tgz. Extracting by manifest.
650 silly tarball no local data for toidentifier@https://registry.npmjs.org/toidentifier/-/toidentifier-1.0.1.tgz. Extracting by manifest.
651 silly tarball no local data for setprototypeof@https://registry.npmjs.org/setprototypeof/-/setprototypeof-1.2.0.tgz. Extracting by manifest.
652 silly tarball no local data for inherits@https://registry.npmjs.org/inherits/-/inherits-2.0.4.tgz. Extracting by manifest.
653 silly tarball no local data for ip-address@https://registry.npmjs.org/ip-address/-/ip-address-10.2.0.tgz. Extracting by manifest.
654 silly tarball no local data for ms@https://registry.npmjs.org/ms/-/ms-2.1.3.tgz. Extracting by manifest.
655 silly tarball no local data for iconv-lite@https://registry.npmjs.org/iconv-lite/-/iconv-lite-0.7.2.tgz. Extracting by manifest.
656 silly tarball no local data for bytes@https://registry.npmjs.org/bytes/-/bytes-3.1.2.tgz. Extracting by manifest.
657 silly tarball no local data for negotiator@https://registry.npmjs.org/negotiator/-/negotiator-1.0.0.tgz. Extracting by manifest.
658 silly tarball no local data for type-is@https://registry.npmjs.org/type-is/-/type-is-2.1.0.tgz. Extracting by manifest.
659 silly tarball no local data for statuses@https://registry.npmjs.org/statuses/-/statuses-2.0.2.tgz. Extracting by manifest.
660 silly tarball no local data for serve-static@https://registry.npmjs.org/serve-static/-/serve-static-2.2.1.tgz. Extracting by manifest.
661 silly tarball no local data for send@https://registry.npmjs.org/send/-/send-1.2.1.tgz. Extracting by manifest.
662 silly tarball no local data for router@https://registry.npmjs.org/router/-/router-2.2.0.tgz. Extracting by manifest.
663 silly tarball no local data for range-parser@https://registry.npmjs.org/range-parser/-/range-parser-1.2.1.tgz. Extracting by manifest.
664 silly tarball no local data for qs@https://registry.npmjs.org/qs/-/qs-6.15.2.tgz. Extracting by manifest.
665 silly tarball no local data for proxy-addr@https://registry.npmjs.org/proxy-addr/-/proxy-addr-2.0.7.tgz. Extracting by manifest.
666 silly tarball no local data for parseurl@https://registry.npmjs.org/parseurl/-/parseurl-1.3.3.tgz. Extracting by manifest.
667 silly tarball no local data for once@https://registry.npmjs.org/once/-/once-1.4.0.tgz. Extracting by manifest.
668 silly tarball no local data for on-finished@https://registry.npmjs.org/on-finished/-/on-finished-2.4.1.tgz. Extracting by manifest.
669 silly tarball no local data for mime-types@https://registry.npmjs.org/mime-types/-/mime-types-3.0.2.tgz. Extracting by manifest.
670 silly tarball no local data for merge-descriptors@https://registry.npmjs.org/merge-descriptors/-/merge-descriptors-2.0.0.tgz. Extracting by manifest.
671 silly tarball no local data for http-errors@https://registry.npmjs.org/http-errors/-/http-errors-2.0.1.tgz. Extracting by manifest.
672 silly tarball no local data for fresh@https://registry.npmjs.org/fresh/-/fresh-2.0.0.tgz. Extracting by manifest.
673 silly tarball no local data for finalhandler@https://registry.npmjs.org/finalhandler/-/finalhandler-2.1.1.tgz. Extracting by manifest.
674 silly tarball no local data for etag@https://registry.npmjs.org/etag/-/etag-1.8.1.tgz. Extracting by manifest.
675 silly tarball no local data for escape-html@https://registry.npmjs.org/escape-html/-/escape-html-1.0.3.tgz. Extracting by manifest.
676 silly tarball no local data for encodeurl@https://registry.npmjs.org/encodeurl/-/encodeurl-2.0.0.tgz. Extracting by manifest.
677 silly tarball no local data for depd@https://registry.npmjs.org/depd/-/depd-2.0.0.tgz. Extracting by manifest.
678 silly tarball no local data for debug@https://registry.npmjs.org/debug/-/debug-4.4.3.tgz. Extracting by manifest.
679 silly tarball no local data for cookie-signature@https://registry.npmjs.org/cookie-signature/-/cookie-signature-1.2.2.tgz. Extracting by manifest.
680 silly tarball no local data for cookie@https://registry.npmjs.org/cookie/-/cookie-0.7.2.tgz. Extracting by manifest.
681 silly tarball no local data for content-disposition@https://registry.npmjs.org/content-disposition/-/content-disposition-1.1.0.tgz. Extracting by manifest.
682 silly tarball no local data for body-parser@https://registry.npmjs.org/body-parser/-/body-parser-2.2.2.tgz. Extracting by manifest.
683 silly tarball no local data for accepts@https://registry.npmjs.org/accepts/-/accepts-2.0.0.tgz. Extracting by manifest.
684 silly tarball no local data for which@https://registry.npmjs.org/which/-/which-2.0.2.tgz. Extracting by manifest.
685 silly tarball no local data for shebang-command@https://registry.npmjs.org/shebang-command/-/shebang-command-2.0.0.tgz. Extracting by manifest.
686 silly tarball no local data for path-key@https://registry.npmjs.org/path-key/-/path-key-3.1.1.tgz. Extracting by manifest.
687 silly tarball no local data for vary@https://registry.npmjs.org/vary/-/vary-1.1.2.tgz. Extracting by manifest.
688 silly tarball no local data for object-assign@https://registry.npmjs.org/object-assign/-/object-assign-4.1.1.tgz. Extracting by manifest.
689 silly tarball no local data for require-from-string@https://registry.npmjs.org/require-from-string/-/require-from-string-2.0.2.tgz. Extracting by manifest.
690 silly tarball no local data for json-schema-traverse@https://registry.npmjs.org/json-schema-traverse/-/json-schema-traverse-1.0.0.tgz. Extracting by manifest.
691 silly tarball no local data for fast-uri@https://registry.npmjs.org/fast-uri/-/fast-uri-3.1.2.tgz. Extracting by manifest.
692 silly tarball no local data for fast-deep-equal@https://registry.npmjs.org/fast-deep-equal/-/fast-deep-equal-3.1.3.tgz. Extracting by manifest.
693 silly tarball no local data for zod-to-json-schema@https://registry.npmjs.org/zod-to-json-schema/-/zod-to-json-schema-3.25.2.tgz. Extracting by manifest.
694 silly tarball no local data for raw-body@https://registry.npmjs.org/raw-body/-/raw-body-3.0.2.tgz. Extracting by manifest.
695 silly tarball no local data for pkce-challenge@https://registry.npmjs.org/pkce-challenge/-/pkce-challenge-5.0.1.tgz. Extracting by manifest.
696 silly tarball no local data for json-schema-typed@https://registry.npmjs.org/json-schema-typed/-/json-schema-typed-8.0.2.tgz. Extracting by manifest.
697 silly tarball no local data for jose@https://registry.npmjs.org/jose/-/jose-6.2.3.tgz. Extracting by manifest.
698 silly tarball no local data for express-rate-limit@https://registry.npmjs.org/express-rate-limit/-/express-rate-limit-8.5.2.tgz. Extracting by manifest.
699 silly tarball no local data for eventsource-parser@https://registry.npmjs.org/eventsource-parser/-/eventsource-parser-3.1.0.tgz. Extracting by manifest.
700 silly tarball no local data for eventsource@https://registry.npmjs.org/eventsource/-/eventsource-3.0.7.tgz. Extracting by manifest.
701 silly tarball no local data for cross-spawn@https://registry.npmjs.org/cross-spawn/-/cross-spawn-7.0.6.tgz. Extracting by manifest.
702 silly tarball no local data for cors@https://registry.npmjs.org/cors/-/cors-2.8.6.tgz. Extracting by manifest.
703 silly tarball no local data for content-type@https://registry.npmjs.org/content-type/-/content-type-1.0.5.tgz. Extracting by manifest.
704 silly tarball no local data for ajv-formats@https://registry.npmjs.org/ajv-formats/-/ajv-formats-3.0.1.tgz. Extracting by manifest.
705 silly tarball no local data for ajv@https://registry.npmjs.org/ajv/-/ajv-8.20.0.tgz. Extracting by manifest.
706 silly tarball no local data for hono@https://registry.npmjs.org/hono/-/hono-4.12.25.tgz. Extracting by manifest.
707 silly tarball no local data for @hono/node-server@https://registry.npmjs.org/@hono/node-server/-/node-server-1.19.14.tgz. Extracting by manifest.
708 silly tarball no local data for zod@https://registry.npmjs.org/zod/-/zod-4.4.3.tgz. Extracting by manifest.
709 silly tarball no local data for express@https://registry.npmjs.org/express/-/express-5.2.1.tgz. Extracting by manifest.
710 silly tarball no local data for @modelcontextprotocol/sdk@https://registry.npmjs.org/@modelcontextprotocol/sdk/-/sdk-1.29.0.tgz. Extracting by manifest.
711 silly tarball no local data for content-type@https://registry.npmjs.org/content-type/-/content-type-2.0.0.tgz. Extracting by manifest.
712 http fetch GET 200 https://registry.npmjs.org/media-typer/-/media-typer-1.1.0.tgz 307ms (cache miss)
713 http fetch GET 200 https://registry.npmjs.org/isexe/-/isexe-2.0.0.tgz 490ms (cache miss)
714 http fetch GET 200 https://registry.npmjs.org/call-bound/-/call-bound-1.0.4.tgz 689ms (cache miss)
715 http fetch GET 200 https://registry.npmjs.org/es-define-property/-/es-define-property-1.0.1.tgz 731ms (cache miss)
716 http fetch GET 200 https://registry.npmjs.org/has-symbols/-/has-symbols-1.1.0.tgz 827ms (cache miss)
717 http fetch GET 200 https://registry.npmjs.org/dunder-proto/-/dunder-proto-1.0.1.tgz 864ms (cache miss)
718 http fetch GET 200 https://registry.npmjs.org/side-channel-list/-/side-channel-list-1.0.1.tgz 888ms (cache miss)
719 http fetch GET 200 https://registry.npmjs.org/call-bind-apply-helpers/-/call-bind-apply-helpers-1.0.2.tgz 934ms (cache miss)
720 http fetch GET 200 https://registry.npmjs.org/get-proto/-/get-proto-1.0.1.tgz 954ms (cache miss)
721 http fetch GET 200 https://registry.npmjs.org/math-intrinsics/-/math-intrinsics-1.1.0.tgz 998ms (cache miss)
722 http fetch GET 200 https://registry.npmjs.org/side-channel-weakmap/-/side-channel-weakmap-1.0.2.tgz 1036ms (cache miss)
723 http fetch GET 200 https://registry.npmjs.org/object-inspect/-/object-inspect-1.13.4.tgz 1077ms (cache miss)
724 http fetch GET 200 https://registry.npmjs.org/side-channel-map/-/side-channel-map-1.0.1.tgz 1097ms (cache miss)
725 http fetch GET 200 https://registry.npmjs.org/is-promise/-/is-promise-4.0.0.tgz 1102ms (cache miss)
726 http fetch GET 200 https://registry.npmjs.org/unpipe/-/unpipe-1.0.0.tgz 1119ms (cache miss)
727 http fetch GET 200 https://registry.npmjs.org/es-errors/-/es-errors-1.3.0.tgz 1125ms (cache miss)
728 http fetch GET 200 https://registry.npmjs.org/shebang-regex/-/shebang-regex-3.0.0.tgz 1161ms (cache miss)
729 http fetch GET 200 https://registry.npmjs.org/wrappy/-/wrappy-1.0.2.tgz 1239ms (cache miss)
730 http fetch GET 200 https://registry.npmjs.org/forwarded/-/forwarded-0.2.0.tgz 1247ms (cache miss)
731 http fetch GET 200 https://registry.npmjs.org/safer-buffer/-/safer-buffer-2.1.2.tgz 1295ms (cache miss)
732 http fetch GET 200 https://registry.npmjs.org/ee-first/-/ee-first-1.1.1.tgz 1401ms (cache miss)
733 http fetch GET 200 https://registry.npmjs.org/inherits/-/inherits-2.0.4.tgz 1405ms (cache miss)
734 http fetch GET 200 https://registry.npmjs.org/function-bind/-/function-bind-1.1.2.tgz 1424ms (cache miss)
735 http fetch GET 200 https://registry.npmjs.org/get-intrinsic/-/get-intrinsic-1.3.0.tgz 1439ms (cache miss)
736 http fetch GET 200 https://registry.npmjs.org/ms/-/ms-2.1.3.tgz 1476ms (cache miss)
737 http fetch GET 200 https://registry.npmjs.org/hasown/-/hasown-2.0.4.tgz 1495ms (cache miss)
738 http fetch GET 200 https://registry.npmjs.org/setprototypeof/-/setprototypeof-1.2.0.tgz 1503ms (cache miss)
739 http fetch GET 200 https://registry.npmjs.org/ipaddr.js/-/ipaddr.js-1.9.1.tgz 1536ms (cache miss)
740 http fetch GET 200 https://registry.npmjs.org/statuses/-/statuses-2.0.2.tgz 1673ms (cache miss)
741 http fetch GET 200 https://registry.npmjs.org/toidentifier/-/toidentifier-1.0.1.tgz 1682ms (cache miss)
742 http fetch GET 200 https://registry.npmjs.org/path-to-regexp/-/path-to-regexp-8.4.2.tgz 1762ms (cache miss)
743 http fetch GET 200 https://registry.npmjs.org/bytes/-/bytes-3.1.2.tgz 1765ms (cache miss)
744 http fetch GET 200 https://registry.npmjs.org/type-is/-/type-is-2.1.0.tgz 1788ms (cache miss)
745 http fetch GET 200 https://registry.npmjs.org/serve-static/-/serve-static-2.2.1.tgz 1818ms (cache miss)
746 http fetch GET 200 https://registry.npmjs.org/send/-/send-1.2.1.tgz 1845ms (cache miss)
747 http fetch GET 200 https://registry.npmjs.org/ip-address/-/ip-address-10.2.0.tgz 1855ms (cache miss)
748 http fetch GET 200 https://registry.npmjs.org/range-parser/-/range-parser-1.2.1.tgz 1851ms (cache miss)
749 http fetch GET 200 https://registry.npmjs.org/router/-/router-2.2.0.tgz 1903ms (cache miss)
750 http fetch GET 200 https://registry.npmjs.org/negotiator/-/negotiator-1.0.0.tgz 1921ms (cache miss)
751 http fetch GET 200 https://registry.npmjs.org/proxy-addr/-/proxy-addr-2.0.7.tgz 1931ms (cache miss)
752 http fetch GET 200 https://registry.npmjs.org/merge-descriptors/-/merge-descriptors-2.0.0.tgz 1997ms (cache miss)
753 http fetch GET 200 https://registry.npmjs.org/es-object-atoms/-/es-object-atoms-1.1.2.tgz 2028ms (cache miss)
754 http fetch GET 200 https://registry.npmjs.org/mime-types/-/mime-types-3.0.2.tgz 2035ms (cache miss)
755 http fetch GET 200 https://registry.npmjs.org/side-channel/-/side-channel-1.1.1.tgz 2052ms (cache miss)
756 http fetch GET 200 https://registry.npmjs.org/qs/-/qs-6.15.2.tgz 2131ms (cache miss)
757 http fetch GET 200 https://registry.npmjs.org/once/-/once-1.4.0.tgz 2136ms (cache miss)
758 http fetch GET 200 https://registry.npmjs.org/on-finished/-/on-finished-2.4.1.tgz 2152ms (cache miss)
759 http fetch GET 200 https://registry.npmjs.org/http-errors/-/http-errors-2.0.1.tgz 2237ms (cache miss)
760 http fetch GET 200 https://registry.npmjs.org/finalhandler/-/finalhandler-2.1.1.tgz 2270ms (cache miss)
761 http fetch GET 200 https://registry.npmjs.org/etag/-/etag-1.8.1.tgz 2290ms (cache miss)
762 http fetch GET 200 https://registry.npmjs.org/cookie/-/cookie-0.7.2.tgz 2307ms (cache miss)
763 http fetch GET 200 https://registry.npmjs.org/fresh/-/fresh-2.0.0.tgz 2311ms (cache miss)
764 http fetch GET 200 https://registry.npmjs.org/debug/-/debug-4.4.3.tgz 2400ms (cache miss)
765 http fetch GET 200 https://registry.npmjs.org/encodeurl/-/encodeurl-2.0.0.tgz 2426ms (cache miss)
766 http fetch GET 200 https://registry.npmjs.org/depd/-/depd-2.0.0.tgz 2427ms (cache miss)
767 http fetch GET 200 https://registry.npmjs.org/shebang-command/-/shebang-command-2.0.0.tgz 2475ms (cache miss)
768 http fetch GET 200 https://registry.npmjs.org/path-key/-/path-key-3.1.1.tgz 2474ms (cache miss)
769 http fetch GET 200 https://registry.npmjs.org/cookie-signature/-/cookie-signature-1.2.2.tgz 2521ms (cache miss)
770 http fetch GET 200 https://registry.npmjs.org/vary/-/vary-1.1.2.tgz 2576ms (cache miss)
771 http fetch GET 200 https://registry.npmjs.org/require-from-string/-/require-from-string-2.0.2.tgz 2609ms (cache miss)
772 http fetch GET 200 https://registry.npmjs.org/body-parser/-/body-parser-2.2.2.tgz 2628ms (cache miss)
773 http fetch GET 200 https://registry.npmjs.org/json-schema-traverse/-/json-schema-traverse-1.0.0.tgz 2647ms (cache miss)
774 http fetch GET 200 https://registry.npmjs.org/escape-html/-/escape-html-1.0.3.tgz 2655ms (cache miss)
775 http fetch GET 200 https://registry.npmjs.org/fast-deep-equal/-/fast-deep-equal-3.1.3.tgz 2708ms (cache miss)
776 http fetch GET 200 https://registry.npmjs.org/mime-db/-/mime-db-1.54.0.tgz 2821ms (cache miss)
777 http fetch GET 200 https://registry.npmjs.org/fast-uri/-/fast-uri-3.1.2.tgz 2852ms (cache miss)
778 http fetch GET 200 https://registry.npmjs.org/gopd/-/gopd-1.2.0.tgz 2931ms (cache miss)
779 http fetch GET 200 https://registry.npmjs.org/zod-to-json-schema/-/zod-to-json-schema-3.25.2.tgz 2992ms (cache miss)
780 http fetch GET 200 https://registry.npmjs.org/pkce-challenge/-/pkce-challenge-5.0.1.tgz 3022ms (cache miss)
781 http fetch GET 200 https://registry.npmjs.org/which/-/which-2.0.2.tgz 3036ms (cache miss)
782 http fetch GET 200 https://registry.npmjs.org/json-schema-typed/-/json-schema-typed-8.0.2.tgz 3037ms (cache miss)
783 http fetch GET 200 https://registry.npmjs.org/accepts/-/accepts-2.0.0.tgz 3050ms (cache miss)
784 http fetch GET 200 https://registry.npmjs.org/content-disposition/-/content-disposition-1.1.0.tgz 3092ms (cache miss)
785 http fetch GET 200 https://registry.npmjs.org/jose/-/jose-6.2.3.tgz 3088ms (cache miss)
786 http fetch GET 200 https://registry.npmjs.org/cors/-/cors-2.8.6.tgz 3137ms (cache miss)
787 http fetch GET 200 https://registry.npmjs.org/parseurl/-/parseurl-1.3.3.tgz 3255ms (cache miss)
788 http fetch GET 200 https://registry.npmjs.org/content-type/-/content-type-1.0.5.tgz 3357ms (cache miss)
789 http fetch GET 200 https://registry.npmjs.org/ajv-formats/-/ajv-formats-3.0.1.tgz 3422ms (cache miss)
790 http fetch GET 200 https://registry.npmjs.org/object-assign/-/object-assign-4.1.1.tgz 3442ms (cache miss)
791 http fetch GET 200 https://registry.npmjs.org/express/-/express-5.2.1.tgz 3489ms (cache miss)
792 http fetch GET 200 https://registry.npmjs.org/raw-body/-/raw-body-3.0.2.tgz 3583ms (cache miss)
793 http fetch GET 200 https://registry.npmjs.org/express-rate-limit/-/express-rate-limit-8.5.2.tgz 3700ms (cache miss)
794 http fetch GET 200 https://registry.npmjs.org/eventsource/-/eventsource-3.0.7.tgz 3734ms (cache miss)
795 http fetch GET 200 https://registry.npmjs.org/@hono/node-server/-/node-server-1.19.14.tgz 3863ms (cache miss)
796 http fetch GET 200 https://registry.npmjs.org/cross-spawn/-/cross-spawn-7.0.6.tgz 3878ms (cache miss)
797 http fetch GET 200 https://registry.npmjs.org/content-type/-/content-type-2.0.0.tgz 4079ms (cache miss)
798 http fetch GET 200 https://registry.npmjs.org/ajv/-/ajv-8.20.0.tgz 4169ms (cache miss)
799 http fetch GET 200 https://registry.npmjs.org/hono/-/hono-4.12.25.tgz 4191ms (cache miss)
800 http fetch GET 200 https://registry.npmjs.org/eventsource-parser/-/eventsource-parser-3.1.0.tgz 4289ms (cache miss)
801 http fetch GET 200 https://registry.npmjs.org/@modelcontextprotocol/sdk/-/sdk-1.29.0.tgz 5052ms (cache miss)
802 http fetch GET 200 https://registry.npmjs.org/zod/-/zod-4.4.3.tgz 6725ms (cache miss)
803 http fetch GET 200 https://registry.npmjs.org/iconv-lite/-/iconv-lite-0.7.2.tgz 10965ms (cache miss)
804 silly ADD node_modules/isexe
805 silly ADD node_modules/media-typer
806 silly ADD node_modules/dunder-proto
807 silly ADD node_modules/math-intrinsics
808 silly ADD node_modules/hasown
809 silly ADD node_modules/has-symbols
810 silly ADD node_modules/gopd
811 silly ADD node_modules/get-proto
812 silly ADD node_modules/es-object-atoms
813 silly ADD node_modules/es-define-property
814 silly ADD node_modules/function-bind
815 silly ADD node_modules/call-bind-apply-helpers
816 silly ADD node_modules/get-intrinsic
817 silly ADD node_modules/call-bound
818 silly ADD node_modules/side-channel-weakmap
819 silly ADD node_modules/side-channel-map
820 silly ADD node_modules/side-channel-list
821 silly ADD node_modules/object-inspect
822 silly ADD node_modules/es-errors
823 silly ADD node_modules/shebang-regex
824 silly ADD node_modules/path-to-regexp
825 silly ADD node_modules/is-promise
826 silly ADD node_modules/unpipe
827 silly ADD node_modules/side-channel
828 silly ADD node_modules/ipaddr.js
829 silly ADD node_modules/forwarded
830 silly ADD node_modules/wrappy
831 silly ADD node_modules/ee-first
832 silly ADD node_modules/mime-db
833 silly ADD node_modules/safer-buffer
834 silly ADD node_modules/toidentifier
835 silly ADD node_modules/setprototypeof
836 silly ADD node_modules/inherits
837 silly ADD node_modules/ip-address
838 silly ADD node_modules/ms
839 silly ADD node_modules/iconv-lite
840 silly ADD node_modules/bytes
841 silly ADD node_modules/negotiator
842 silly ADD node_modules/type-is
843 silly ADD node_modules/type-is/node_modules/content-type
844 silly ADD node_modules/statuses
845 silly ADD node_modules/serve-static
846 silly ADD node_modules/send
847 silly ADD node_modules/router
848 silly ADD node_modules/range-parser
849 silly ADD node_modules/qs
850 silly ADD node_modules/proxy-addr
851 silly ADD node_modules/parseurl
852 silly ADD node_modules/once
853 silly ADD node_modules/on-finished
854 silly ADD node_modules/mime-types
855 silly ADD node_modules/merge-descriptors
856 silly ADD node_modules/http-errors
857 silly ADD node_modules/fresh
858 silly ADD node_modules/finalhandler
859 silly ADD node_modules/etag
860 silly ADD node_modules/escape-html
861 silly ADD node_modules/encodeurl
862 silly ADD node_modules/depd
863 silly ADD node_modules/debug
864 silly ADD node_modules/cookie-signature
865 silly ADD node_modules/cookie
866 silly ADD node_modules/content-disposition
867 silly ADD node_modules/body-parser
868 silly ADD node_modules/accepts
869 silly ADD node_modules/which
870 silly ADD node_modules/shebang-command
871 silly ADD node_modules/path-key
872 silly ADD node_modules/vary
873 silly ADD node_modules/object-assign
874 silly ADD node_modules/require-from-string
875 silly ADD node_modules/json-schema-traverse
876 silly ADD node_modules/fast-uri
877 silly ADD node_modules/fast-deep-equal
878 silly ADD node_modules/zod-to-json-schema
879 silly ADD node_modules/raw-body
880 silly ADD node_modules/pkce-challenge
881 silly ADD node_modules/json-schema-typed
882 silly ADD node_modules/jose
883 silly ADD node_modules/express-rate-limit
884 silly ADD node_modules/eventsource-parser
885 silly ADD node_modules/eventsource
886 silly ADD node_modules/cross-spawn
887 silly ADD node_modules/cors
888 silly ADD node_modules/content-type
889 silly ADD node_modules/ajv-formats
890 silly ADD node_modules/ajv
891 silly ADD node_modules/hono
892 silly ADD node_modules/@hono/node-server
893 silly ADD node_modules/zod
894 silly ADD node_modules/express
895 silly ADD node_modules/@modelcontextprotocol/sdk
896 verbose cwd /tmp/workspace/9c89d120-e09e-422e-a631-5e5155c628b4
897 verbose os Linux 5.4.119-19-0009-03_2.0.1-00029-gee3a514c359c
898 verbose node v22.22.2
899 verbose npm  v10.9.7
900 verbose exit 0
901 info ok
